This is pdfTeX, Version 3.1415926-2.5-1.40.14 (TeX Live 2013) (format=pdflatex 2013.5.30)  28 FEB 2014 14:40
entering extended mode
 restricted \write18 enabled.
 %&-line parsing enabled.
**tethne.tex
(./tethne.tex
LaTeX2e <2011/06/27>
Babel <3.9f> and hyphenation patterns for 78 languages loaded.
(./sphinxmanual.cls
Document Class: sphinxmanual 2009/06/02 Document class (Sphinx manual)
(/usr/local/texlive/2013/texmf-dist/tex/latex/base/report.cls
Document Class: report 2007/10/19 v1.4h Standard LaTeX document class
(/usr/local/texlive/2013/texmf-dist/tex/latex/base/size10.clo
File: size10.clo 2007/10/19 v1.4h Standard LaTeX file (size option)
)
\c@part=\count79
\c@chapter=\count80
\c@section=\count81
\c@subsection=\count82
\c@subsubsection=\count83
\c@paragraph=\count84
\c@subparagraph=\count85
\c@figure=\count86
\c@table=\count87
\abovecaptionskip=\skip41
\belowcaptionskip=\skip42
\bibindent=\dimen102
))
(/usr/local/texlive/2013/texmf-dist/tex/latex/base/inputenc.sty
Package: inputenc 2008/03/30 v1.1d Input encoding file
\inpenc@prehook=\toks14
\inpenc@posthook=\toks15

(/usr/local/texlive/2013/texmf-dist/tex/latex/base/utf8.def
File: utf8.def 2008/04/05 v1.1m UTF-8 support for inputenc
Now handling font encoding OML ...
... no UTF-8 mapping file for font encoding OML
Now handling font encoding T1 ...
... processing UTF-8 mapping file for font encoding T1

(/usr/local/texlive/2013/texmf-dist/tex/latex/base/t1enc.dfu
File: t1enc.dfu 2008/04/05 v1.1m UTF-8 support for inputenc
   defining Unicode char U+00A1 (decimal 161)
   defining Unicode char U+00A3 (decimal 163)
   defining Unicode char U+00AB (decimal 171)
   defining Unicode char U+00BB (decimal 187)
   defining Unicode char U+00BF (decimal 191)
   defining Unicode char U+00C0 (decimal 192)
   defining Unicode char U+00C1 (decimal 193)
   defining Unicode char U+00C2 (decimal 194)
   defining Unicode char U+00C3 (decimal 195)
   defining Unicode char U+00C4 (decimal 196)
   defining Unicode char U+00C5 (decimal 197)
   defining Unicode char U+00C6 (decimal 198)
   defining Unicode char U+00C7 (decimal 199)
   defining Unicode char U+00C8 (decimal 200)
   defining Unicode char U+00C9 (decimal 201)
   defining Unicode char U+00CA (decimal 202)
   defining Unicode char U+00CB (decimal 203)
   defining Unicode char U+00CC (decimal 204)
   defining Unicode char U+00CD (decimal 205)
   defining Unicode char U+00CE (decimal 206)
   defining Unicode char U+00CF (decimal 207)
   defining Unicode char U+00D0 (decimal 208)
   defining Unicode char U+00D1 (decimal 209)
   defining Unicode char U+00D2 (decimal 210)
   defining Unicode char U+00D3 (decimal 211)
   defining Unicode char U+00D4 (decimal 212)
   defining Unicode char U+00D5 (decimal 213)
   defining Unicode char U+00D6 (decimal 214)
   defining Unicode char U+00D8 (decimal 216)
   defining Unicode char U+00D9 (decimal 217)
   defining Unicode char U+00DA (decimal 218)
   defining Unicode char U+00DB (decimal 219)
   defining Unicode char U+00DC (decimal 220)
   defining Unicode char U+00DD (decimal 221)
   defining Unicode char U+00DE (decimal 222)
   defining Unicode char U+00DF (decimal 223)
   defining Unicode char U+00E0 (decimal 224)
   defining Unicode char U+00E1 (decimal 225)
   defining Unicode char U+00E2 (decimal 226)
   defining Unicode char U+00E3 (decimal 227)
   defining Unicode char U+00E4 (decimal 228)
   defining Unicode char U+00E5 (decimal 229)
   defining Unicode char U+00E6 (decimal 230)
   defining Unicode char U+00E7 (decimal 231)
   defining Unicode char U+00E8 (decimal 232)
   defining Unicode char U+00E9 (decimal 233)
   defining Unicode char U+00EA (decimal 234)
   defining Unicode char U+00EB (decimal 235)
   defining Unicode char U+00EC (decimal 236)
   defining Unicode char U+00ED (decimal 237)
   defining Unicode char U+00EE (decimal 238)
   defining Unicode char U+00EF (decimal 239)
   defining Unicode char U+00F0 (decimal 240)
   defining Unicode char U+00F1 (decimal 241)
   defining Unicode char U+00F2 (decimal 242)
   defining Unicode char U+00F3 (decimal 243)
   defining Unicode char U+00F4 (decimal 244)
   defining Unicode char U+00F5 (decimal 245)
   defining Unicode char U+00F6 (decimal 246)
   defining Unicode char U+00F8 (decimal 248)
   defining Unicode char U+00F9 (decimal 249)
   defining Unicode char U+00FA (decimal 250)
   defining Unicode char U+00FB (decimal 251)
   defining Unicode char U+00FC (decimal 252)
   defining Unicode char U+00FD (decimal 253)
   defining Unicode char U+00FE (decimal 254)
   defining Unicode char U+00FF (decimal 255)
   defining Unicode char U+0102 (decimal 258)
   defining Unicode char U+0103 (decimal 259)
   defining Unicode char U+0104 (decimal 260)
   defining Unicode char U+0105 (decimal 261)
   defining Unicode char U+0106 (decimal 262)
   defining Unicode char U+0107 (decimal 263)
   defining Unicode char U+010C (decimal 268)
   defining Unicode char U+010D (decimal 269)
   defining Unicode char U+010E (decimal 270)
   defining Unicode char U+010F (decimal 271)
   defining Unicode char U+0110 (decimal 272)
   defining Unicode char U+0111 (decimal 273)
   defining Unicode char U+0118 (decimal 280)
   defining Unicode char U+0119 (decimal 281)
   defining Unicode char U+011A (decimal 282)
   defining Unicode char U+011B (decimal 283)
   defining Unicode char U+011E (decimal 286)
   defining Unicode char U+011F (decimal 287)
   defining Unicode char U+0130 (decimal 304)
   defining Unicode char U+0131 (decimal 305)
   defining Unicode char U+0132 (decimal 306)
   defining Unicode char U+0133 (decimal 307)
   defining Unicode char U+0139 (decimal 313)
   defining Unicode char U+013A (decimal 314)
   defining Unicode char U+013D (decimal 317)
   defining Unicode char U+013E (decimal 318)
   defining Unicode char U+0141 (decimal 321)
   defining Unicode char U+0142 (decimal 322)
   defining Unicode char U+0143 (decimal 323)
   defining Unicode char U+0144 (decimal 324)
   defining Unicode char U+0147 (decimal 327)
   defining Unicode char U+0148 (decimal 328)
   defining Unicode char U+014A (decimal 330)
   defining Unicode char U+014B (decimal 331)
   defining Unicode char U+0150 (decimal 336)
   defining Unicode char U+0151 (decimal 337)
   defining Unicode char U+0152 (decimal 338)
   defining Unicode char U+0153 (decimal 339)
   defining Unicode char U+0154 (decimal 340)
   defining Unicode char U+0155 (decimal 341)
   defining Unicode char U+0158 (decimal 344)
   defining Unicode char U+0159 (decimal 345)
   defining Unicode char U+015A (decimal 346)
   defining Unicode char U+015B (decimal 347)
   defining Unicode char U+015E (decimal 350)
   defining Unicode char U+015F (decimal 351)
   defining Unicode char U+0160 (decimal 352)
   defining Unicode char U+0161 (decimal 353)
   defining Unicode char U+0162 (decimal 354)
   defining Unicode char U+0163 (decimal 355)
   defining Unicode char U+0164 (decimal 356)
   defining Unicode char U+0165 (decimal 357)
   defining Unicode char U+016E (decimal 366)
   defining Unicode char U+016F (decimal 367)
   defining Unicode char U+0170 (decimal 368)
   defining Unicode char U+0171 (decimal 369)
   defining Unicode char U+0178 (decimal 376)
   defining Unicode char U+0179 (decimal 377)
   defining Unicode char U+017A (decimal 378)
   defining Unicode char U+017B (decimal 379)
   defining Unicode char U+017C (decimal 380)
   defining Unicode char U+017D (decimal 381)
   defining Unicode char U+017E (decimal 382)
   defining Unicode char U+200C (decimal 8204)
   defining Unicode char U+2013 (decimal 8211)
   defining Unicode char U+2014 (decimal 8212)
   defining Unicode char U+2018 (decimal 8216)
   defining Unicode char U+2019 (decimal 8217)
   defining Unicode char U+201A (decimal 8218)
   defining Unicode char U+201C (decimal 8220)
   defining Unicode char U+201D (decimal 8221)
   defining Unicode char U+201E (decimal 8222)
   defining Unicode char U+2030 (decimal 8240)
   defining Unicode char U+2031 (decimal 8241)
   defining Unicode char U+2039 (decimal 8249)
   defining Unicode char U+203A (decimal 8250)
   defining Unicode char U+2423 (decimal 9251)
)
Now handling font encoding OT1 ...
... processing UTF-8 mapping file for font encoding OT1

(/usr/local/texlive/2013/texmf-dist/tex/latex/base/ot1enc.dfu
File: ot1enc.dfu 2008/04/05 v1.1m UTF-8 support for inputenc
   defining Unicode char U+00A1 (decimal 161)
   defining Unicode char U+00A3 (decimal 163)
   defining Unicode char U+00B8 (decimal 184)
   defining Unicode char U+00BF (decimal 191)
   defining Unicode char U+00C5 (decimal 197)
   defining Unicode char U+00C6 (decimal 198)
   defining Unicode char U+00D8 (decimal 216)
   defining Unicode char U+00DF (decimal 223)
   defining Unicode char U+00E6 (decimal 230)
   defining Unicode char U+00EC (decimal 236)
   defining Unicode char U+00ED (decimal 237)
   defining Unicode char U+00EE (decimal 238)
   defining Unicode char U+00EF (decimal 239)
   defining Unicode char U+00F8 (decimal 248)
   defining Unicode char U+0131 (decimal 305)
   defining Unicode char U+0141 (decimal 321)
   defining Unicode char U+0142 (decimal 322)
   defining Unicode char U+0152 (decimal 338)
   defining Unicode char U+0153 (decimal 339)
   defining Unicode char U+2013 (decimal 8211)
   defining Unicode char U+2014 (decimal 8212)
   defining Unicode char U+2018 (decimal 8216)
   defining Unicode char U+2019 (decimal 8217)
   defining Unicode char U+201C (decimal 8220)
   defining Unicode char U+201D (decimal 8221)
)
Now handling font encoding OMS ...
... processing UTF-8 mapping file for font encoding OMS

(/usr/local/texlive/2013/texmf-dist/tex/latex/base/omsenc.dfu
File: omsenc.dfu 2008/04/05 v1.1m UTF-8 support for inputenc
   defining Unicode char U+00A7 (decimal 167)
   defining Unicode char U+00B6 (decimal 182)
   defining Unicode char U+00B7 (decimal 183)
   defining Unicode char U+2020 (decimal 8224)
   defining Unicode char U+2021 (decimal 8225)
   defining Unicode char U+2022 (decimal 8226)
)
Now handling font encoding OMX ...
... no UTF-8 mapping file for font encoding OMX
Now handling font encoding U ...
... no UTF-8 mapping file for font encoding U
   defining Unicode char U+00A9 (decimal 169)
   defining Unicode char U+00AA (decimal 170)
   defining Unicode char U+00AE (decimal 174)
   defining Unicode char U+00BA (decimal 186)
   defining Unicode char U+02C6 (decimal 710)
   defining Unicode char U+02DC (decimal 732)
   defining Unicode char U+200C (decimal 8204)
   defining Unicode char U+2026 (decimal 8230)
   defining Unicode char U+2122 (decimal 8482)
   defining Unicode char U+2423 (decimal 9251)
))
   defining Unicode char U+00A0 (decimal 160)

(/usr/local/texlive/2013/texmf-dist/tex/latex/base/fontenc.sty
Package: fontenc 2005/09/27 v1.99g Standard LaTeX package

(/usr/local/texlive/2013/texmf-dist/tex/latex/base/t1enc.def
File: t1enc.def 2005/09/27 v1.99g Standard LaTeX file
LaTeX Font Info:    Redeclaring font encoding T1 on input line 43.
))
(/usr/local/texlive/2013/texmf-dist/tex/generic/babel/babel.sty
Package: babel 2013/05/16 v3.9f The Babel package

(/usr/local/texlive/2013/texmf-dist/tex/generic/babel-english/english.ldf
Language: english 2012/08/20 v3.3p English support from the babel system

(/usr/local/texlive/2013/texmf-dist/tex/generic/babel/babel.def
File: babel.def 2013/05/16 v3.9f Babel common definitions
\babel@savecnt=\count88
\U@D=\dimen103
)
\l@canadian = a dialect from \language\l@american 
\l@australian = a dialect from \language\l@british 
\l@newzealand = a dialect from \language\l@british 
))
(/usr/local/texlive/2013/texmf-dist/tex/latex/psnfss/times.sty
Package: times 2005/04/12 PSNFSS-v9.2a (SPQR) 
) (./fncychap.sty
Package: fncychap 2007/07/30 v1.34 LaTeX package (Revised chapters)
\RW=\skip43
\mylen=\skip44
\myhi=\skip45
\px=\skip46
\py=\skip47
\pyy=\skip48
\pxx=\skip49
\c@AlphaCnt=\count89
\c@AlphaDecCnt=\count90
) (/usr/local/texlive/2013/texmf-dist/tex/latex/tools/longtable.sty
Package: longtable 2004/02/01 v4.11 Multi-page Table package (DPC)
\LTleft=\skip50
\LTright=\skip51
\LTpre=\skip52
\LTpost=\skip53
\LTchunksize=\count91
\LTcapwidth=\dimen104
\LT@head=\box26
\LT@firsthead=\box27
\LT@foot=\box28
\LT@lastfoot=\box29
\LT@cols=\count92
\LT@rows=\count93
\c@LT@tables=\count94
\c@LT@chunks=\count95
\LT@p@ftn=\toks16
)
(./sphinx.sty
Package: sphinx 2010/01/15 LaTeX package (Sphinx markup)
 (/usr/local/texlive/2013/texmf-dist/tex/latex/base/textcomp.sty
Package: textcomp 2005/09/27 v1.99g Standard LaTeX package
Package textcomp Info: Sub-encoding information:
(textcomp)               5 = only ISO-Adobe without \textcurrency
(textcomp)               4 = 5 + \texteuro
(textcomp)               3 = 4 + \textohm
(textcomp)               2 = 3 + \textestimated + \textcurrency
(textcomp)               1 = TS1 - \textcircled - \t
(textcomp)               0 = TS1 (full)
(textcomp)             Font families with sub-encoding setting implement
(textcomp)             only a restricted character set as indicated.
(textcomp)             Family '?' is the default used for unknown fonts.
(textcomp)             See the documentation for details.
Package textcomp Info: Setting ? sub-encoding to TS1/1 on input line 71.

(/usr/local/texlive/2013/texmf-dist/tex/latex/base/ts1enc.def
File: ts1enc.def 2001/06/05 v3.0e (jk/car/fm) Standard LaTeX file
Now handling font encoding TS1 ...
... processing UTF-8 mapping file for font encoding TS1

(/usr/local/texlive/2013/texmf-dist/tex/latex/base/ts1enc.dfu
File: ts1enc.dfu 2008/04/05 v1.1m UTF-8 support for inputenc
   defining Unicode char U+00A2 (decimal 162)
   defining Unicode char U+00A3 (decimal 163)
   defining Unicode char U+00A4 (decimal 164)
   defining Unicode char U+00A5 (decimal 165)
   defining Unicode char U+00A6 (decimal 166)
   defining Unicode char U+00A7 (decimal 167)
   defining Unicode char U+00A8 (decimal 168)
   defining Unicode char U+00A9 (decimal 169)
   defining Unicode char U+00AA (decimal 170)
   defining Unicode char U+00AC (decimal 172)
   defining Unicode char U+00AE (decimal 174)
   defining Unicode char U+00AF (decimal 175)
   defining Unicode char U+00B0 (decimal 176)
   defining Unicode char U+00B1 (decimal 177)
   defining Unicode char U+00B2 (decimal 178)
   defining Unicode char U+00B3 (decimal 179)
   defining Unicode char U+00B4 (decimal 180)
   defining Unicode char U+00B5 (decimal 181)
   defining Unicode char U+00B6 (decimal 182)
   defining Unicode char U+00B7 (decimal 183)
   defining Unicode char U+00B9 (decimal 185)
   defining Unicode char U+00BA (decimal 186)
   defining Unicode char U+00BC (decimal 188)
   defining Unicode char U+00BD (decimal 189)
   defining Unicode char U+00BE (decimal 190)
   defining Unicode char U+00D7 (decimal 215)
   defining Unicode char U+00F7 (decimal 247)
   defining Unicode char U+0192 (decimal 402)
   defining Unicode char U+02C7 (decimal 711)
   defining Unicode char U+02D8 (decimal 728)
   defining Unicode char U+02DD (decimal 733)
   defining Unicode char U+0E3F (decimal 3647)
   defining Unicode char U+2016 (decimal 8214)
   defining Unicode char U+2020 (decimal 8224)
   defining Unicode char U+2021 (decimal 8225)
   defining Unicode char U+2022 (decimal 8226)
   defining Unicode char U+2030 (decimal 8240)
   defining Unicode char U+2031 (decimal 8241)
   defining Unicode char U+203B (decimal 8251)
   defining Unicode char U+203D (decimal 8253)
   defining Unicode char U+2044 (decimal 8260)
   defining Unicode char U+204E (decimal 8270)
   defining Unicode char U+2052 (decimal 8274)
   defining Unicode char U+20A1 (decimal 8353)
   defining Unicode char U+20A4 (decimal 8356)
   defining Unicode char U+20A6 (decimal 8358)
   defining Unicode char U+20A9 (decimal 8361)
   defining Unicode char U+20AB (decimal 8363)
   defining Unicode char U+20AC (decimal 8364)
   defining Unicode char U+20B1 (decimal 8369)
   defining Unicode char U+2103 (decimal 8451)
   defining Unicode char U+2116 (decimal 8470)
   defining Unicode char U+2117 (decimal 8471)
   defining Unicode char U+211E (decimal 8478)
   defining Unicode char U+2120 (decimal 8480)
   defining Unicode char U+2122 (decimal 8482)
   defining Unicode char U+2126 (decimal 8486)
   defining Unicode char U+2127 (decimal 8487)
   defining Unicode char U+212E (decimal 8494)
   defining Unicode char U+2190 (decimal 8592)
   defining Unicode char U+2191 (decimal 8593)
   defining Unicode char U+2192 (decimal 8594)
   defining Unicode char U+2193 (decimal 8595)
   defining Unicode char U+2329 (decimal 9001)
   defining Unicode char U+232A (decimal 9002)
   defining Unicode char U+2422 (decimal 9250)
   defining Unicode char U+25E6 (decimal 9702)
   defining Unicode char U+25EF (decimal 9711)
   defining Unicode char U+266A (decimal 9834)
))
LaTeX Info: Redefining \oldstylenums on input line 266.
Package textcomp Info: Setting cmr sub-encoding to TS1/0 on input line 281.
Package textcomp Info: Setting cmss sub-encoding to TS1/0 on input line 282.
Package textcomp Info: Setting cmtt sub-encoding to TS1/0 on input line 283.
Package textcomp Info: Setting cmvtt sub-encoding to TS1/0 on input line 284.
Package textcomp Info: Setting cmbr sub-encoding to TS1/0 on input line 285.
Package textcomp Info: Setting cmtl sub-encoding to TS1/0 on input line 286.
Package textcomp Info: Setting ccr sub-encoding to TS1/0 on input line 287.
Package textcomp Info: Setting ptm sub-encoding to TS1/4 on input line 288.
Package textcomp Info: Setting pcr sub-encoding to TS1/4 on input line 289.
Package textcomp Info: Setting phv sub-encoding to TS1/4 on input line 290.
Package textcomp Info: Setting ppl sub-encoding to TS1/3 on input line 291.
Package textcomp Info: Setting pag sub-encoding to TS1/4 on input line 292.
Package textcomp Info: Setting pbk sub-encoding to TS1/4 on input line 293.
Package textcomp Info: Setting pnc sub-encoding to TS1/4 on input line 294.
Package textcomp Info: Setting pzc sub-encoding to TS1/4 on input line 295.
Package textcomp Info: Setting bch sub-encoding to TS1/4 on input line 296.
Package textcomp Info: Setting put sub-encoding to TS1/5 on input line 297.
Package textcomp Info: Setting uag sub-encoding to TS1/5 on input line 298.
Package textcomp Info: Setting ugq sub-encoding to TS1/5 on input line 299.
Package textcomp Info: Setting ul8 sub-encoding to TS1/4 on input line 300.
Package textcomp Info: Setting ul9 sub-encoding to TS1/4 on input line 301.
Package textcomp Info: Setting augie sub-encoding to TS1/5 on input line 302.
Package textcomp Info: Setting dayrom sub-encoding to TS1/3 on input line 303.
Package textcomp Info: Setting dayroms sub-encoding to TS1/3 on input line 304.

Package textcomp Info: Setting pxr sub-encoding to TS1/0 on input line 305.
Package textcomp Info: Setting pxss sub-encoding to TS1/0 on input line 306.
Package textcomp Info: Setting pxtt sub-encoding to TS1/0 on input line 307.
Package textcomp Info: Setting txr sub-encoding to TS1/0 on input line 308.
Package textcomp Info: Setting txss sub-encoding to TS1/0 on input line 309.
Package textcomp Info: Setting txtt sub-encoding to TS1/0 on input line 310.
Package textcomp Info: Setting lmr sub-encoding to TS1/0 on input line 311.
Package textcomp Info: Setting lmdh sub-encoding to TS1/0 on input line 312.
Package textcomp Info: Setting lmss sub-encoding to TS1/0 on input line 313.
Package textcomp Info: Setting lmssq sub-encoding to TS1/0 on input line 314.
Package textcomp Info: Setting lmvtt sub-encoding to TS1/0 on input line 315.
Package textcomp Info: Setting qhv sub-encoding to TS1/0 on input line 316.
Package textcomp Info: Setting qag sub-encoding to TS1/0 on input line 317.
Package textcomp Info: Setting qbk sub-encoding to TS1/0 on input line 318.
Package textcomp Info: Setting qcr sub-encoding to TS1/0 on input line 319.
Package textcomp Info: Setting qcs sub-encoding to TS1/0 on input line 320.
Package textcomp Info: Setting qpl sub-encoding to TS1/0 on input line 321.
Package textcomp Info: Setting qtm sub-encoding to TS1/0 on input line 322.
Package textcomp Info: Setting qzc sub-encoding to TS1/0 on input line 323.
Package textcomp Info: Setting qhvc sub-encoding to TS1/0 on input line 324.
Package textcomp Info: Setting futs sub-encoding to TS1/4 on input line 325.
Package textcomp Info: Setting futx sub-encoding to TS1/4 on input line 326.
Package textcomp Info: Setting futj sub-encoding to TS1/4 on input line 327.
Package textcomp Info: Setting hlh sub-encoding to TS1/3 on input line 328.
Package textcomp Info: Setting hls sub-encoding to TS1/3 on input line 329.
Package textcomp Info: Setting hlst sub-encoding to TS1/3 on input line 330.
Package textcomp Info: Setting hlct sub-encoding to TS1/5 on input line 331.
Package textcomp Info: Setting hlx sub-encoding to TS1/5 on input line 332.
Package textcomp Info: Setting hlce sub-encoding to TS1/5 on input line 333.
Package textcomp Info: Setting hlcn sub-encoding to TS1/5 on input line 334.
Package textcomp Info: Setting hlcw sub-encoding to TS1/5 on input line 335.
Package textcomp Info: Setting hlcf sub-encoding to TS1/5 on input line 336.
Package textcomp Info: Setting pplx sub-encoding to TS1/3 on input line 337.
Package textcomp Info: Setting pplj sub-encoding to TS1/3 on input line 338.
Package textcomp Info: Setting ptmx sub-encoding to TS1/4 on input line 339.
Package textcomp Info: Setting ptmj sub-encoding to TS1/4 on input line 340.
)
(/usr/local/texlive/2013/texmf-dist/tex/latex/fancyhdr/fancyhdr.sty
\fancy@headwidth=\skip54
\f@ncyO@elh=\skip55
\f@ncyO@erh=\skip56
\f@ncyO@olh=\skip57
\f@ncyO@orh=\skip58
\f@ncyO@elf=\skip59
\f@ncyO@erf=\skip60
\f@ncyO@olf=\skip61
\f@ncyO@orf=\skip62
)
(/usr/local/texlive/2013/texmf-dist/tex/latex/fancybox/fancybox.sty
Package: fancybox 2010/05/15 1.4

Style option: `fancybox' v1.4 <2010/05/15> (tvz)
\@fancybox=\box30
\shadowsize=\dimen105
\@Sbox=\box31
\do@VerbBox=\toks17
\the@fancyput=\toks18
\this@fancyput=\toks19
\EndVerbatimTokens=\toks20
\Verbatim@Outfile=\write3
\Verbatim@Infile=\read1
) (/usr/local/texlive/2013/texmf-dist/tex/latex/titlesec/titlesec.sty
Package: titlesec 2011/12/15 v2.10.0 Sectioning titles
\ttl@box=\box32
\beforetitleunit=\skip63
\aftertitleunit=\skip64
\ttl@plus=\dimen106
\ttl@minus=\dimen107
\ttl@toksa=\toks21
\titlewidth=\dimen108
\titlewidthlast=\dimen109
\titlewidthfirst=\dimen110
)
(./tabulary.sty
Package: tabulary 2007/10/02 v0.9 tabulary package (DPC)
 (/usr/local/texlive/2013/texmf-dist/tex/latex/tools/array.sty
Package: array 2008/09/09 v2.4c Tabular extension package (FMi)
\col@sep=\dimen111
\extrarowheight=\dimen112
\NC@list=\toks22
\extratabsurround=\skip65
\backup@length=\skip66
)
\TY@count=\count96
\TY@linewidth=\dimen113
\tymin=\dimen114
\tymax=\dimen115
\TY@tablewidth=\dimen116
) (/usr/local/texlive/2013/texmf-dist/tex/latex/amsmath/amsmath.sty
Package: amsmath 2013/01/14 v2.14 AMS math features
\@mathmargin=\skip67

For additional information on amsmath, use the `?' option.
(/usr/local/texlive/2013/texmf-dist/tex/latex/amsmath/amstext.sty
Package: amstext 2000/06/29 v2.01

(/usr/local/texlive/2013/texmf-dist/tex/latex/amsmath/amsgen.sty
File: amsgen.sty 1999/11/30 v2.0
\@emptytoks=\toks23
\ex@=\dimen117
))
(/usr/local/texlive/2013/texmf-dist/tex/latex/amsmath/amsbsy.sty
Package: amsbsy 1999/11/29 v1.2d
\pmbraise@=\dimen118
)
(/usr/local/texlive/2013/texmf-dist/tex/latex/amsmath/amsopn.sty
Package: amsopn 1999/12/14 v2.01 operator names
)
\inf@bad=\count97
LaTeX Info: Redefining \frac on input line 210.
\uproot@=\count98
\leftroot@=\count99
LaTeX Info: Redefining \overline on input line 306.
\classnum@=\count100
\DOTSCASE@=\count101
LaTeX Info: Redefining \ldots on input line 378.
LaTeX Info: Redefining \dots on input line 381.
LaTeX Info: Redefining \cdots on input line 466.
\Mathstrutbox@=\box33
\strutbox@=\box34
\big@size=\dimen119
LaTeX Font Info:    Redeclaring font encoding OML on input line 566.
LaTeX Font Info:    Redeclaring font encoding OMS on input line 567.
\macc@depth=\count102
\c@MaxMatrixCols=\count103
\dotsspace@=\muskip10
\c@parentequation=\count104
\dspbrk@lvl=\count105
\tag@help=\toks24
\row@=\count106
\column@=\count107
\maxfields@=\count108
\andhelp@=\toks25
\eqnshift@=\dimen120
\alignsep@=\dimen121
\tagshift@=\dimen122
\tagwidth@=\dimen123
\totwidth@=\dimen124
\lineht@=\dimen125
\@envbody=\toks26
\multlinegap=\skip68
\multlinetaggap=\skip69
\mathdisplay@stack=\toks27
LaTeX Info: Redefining \[ on input line 2665.
LaTeX Info: Redefining \] on input line 2666.
)
(/usr/local/texlive/2013/texmf-dist/tex/latex/base/makeidx.sty
Package: makeidx 2000/03/29 v1.0m Standard LaTeX package
)
(/usr/local/texlive/2013/texmf-dist/tex/latex/framed/framed.sty
Package: framed 2011/10/22 v 0.96: framed or shaded text with page breaks
\OuterFrameSep=\skip70
\fb@frw=\dimen126
\fb@frh=\dimen127
\FrameRule=\dimen128
\FrameSep=\dimen129
)
(/usr/local/texlive/2013/texmf-dist/tex/latex/base/ifthen.sty
Package: ifthen 2001/05/26 v1.1c Standard LaTeX ifthen package (DPC)
)
(/usr/local/texlive/2013/texmf-dist/tex/latex/graphics/color.sty
Package: color 2005/11/14 v1.0j Standard LaTeX Color (DPC)

(/usr/local/texlive/2013/texmf-dist/tex/latex/latexconfig/color.cfg
File: color.cfg 2007/01/18 v1.5 color configuration of teTeX/TeXLive
)
Package color Info: Driver file: pdftex.def on input line 130.

(/usr/local/texlive/2013/texmf-dist/tex/latex/pdftex-def/pdftex.def
File: pdftex.def 2011/05/27 v0.06d Graphics/color for pdfTeX

(/usr/local/texlive/2013/texmf-dist/tex/generic/oberdiek/infwarerr.sty
Package: infwarerr 2010/04/08 v1.3 Providing info/warning/error messages (HO)
)
(/usr/local/texlive/2013/texmf-dist/tex/generic/oberdiek/ltxcmds.sty
Package: ltxcmds 2011/11/09 v1.22 LaTeX kernel commands for general use (HO)
)
\Gread@gobject=\count109
))
(/usr/local/texlive/2013/texmf-dist/tex/latex/fancyvrb/fancyvrb.sty
Package: fancyvrb 2008/02/07

Style option: `fancyvrb' v2.7a, with DG/SPQR fixes, and firstline=lastline fix 
<2008/02/07> (tvz)
(/usr/local/texlive/2013/texmf-dist/tex/latex/graphics/keyval.sty
Package: keyval 1999/03/16 v1.13 key=value parser (DPC)
\KV@toks@=\toks28
)
\FV@CodeLineNo=\count110
\FV@InFile=\read2
\FV@TabBox=\box35
\c@FancyVerbLine=\count111
\FV@StepNumber=\count112
\FV@OutFile=\write4
)
(/usr/local/texlive/2013/texmf-dist/tex/latex/threeparttable/threeparttable.sty
Package: threeparttable 2003/06/13  v 3.0
\@tempboxb=\box36
) (/usr/local/texlive/2013/texmf-dist/tex/latex/mdwtools/footnote.sty
Package: footnote 1997/01/28 1.13 Save footnotes around boxes
\fn@notes=\box37
\fn@width=\dimen130
)
(/usr/local/texlive/2013/texmf-dist/tex/latex/wrapfig/wrapfig.sty
\wrapoverhang=\dimen131
\WF@size=\dimen132
\c@WF@wrappedlines=\count113
\WF@box=\box38
\WF@everypar=\toks29
Package: wrapfig 2003/01/31  v 3.6
)
(/usr/local/texlive/2013/texmf-dist/tex/latex/parskip/parskip.sty
Package: parskip 2001/04/09 non-zero parskip adjustments
)
(/usr/local/texlive/2013/texmf-dist/tex/latex/graphics/graphicx.sty
Package: graphicx 1999/02/16 v1.0f Enhanced LaTeX Graphics (DPC,SPQR)

(/usr/local/texlive/2013/texmf-dist/tex/latex/graphics/graphics.sty
Package: graphics 2009/02/05 v1.0o Standard LaTeX Graphics (DPC,SPQR)

(/usr/local/texlive/2013/texmf-dist/tex/latex/graphics/trig.sty
Package: trig 1999/03/16 v1.09 sin cos tan (DPC)
)
(/usr/local/texlive/2013/texmf-dist/tex/latex/latexconfig/graphics.cfg
File: graphics.cfg 2010/04/23 v1.9 graphics configuration of TeX Live
)
Package graphics Info: Driver file: pdftex.def on input line 91.
)
\Gin@req@height=\dimen133
\Gin@req@width=\dimen134
)
(/usr/local/texlive/2013/texmf-dist/tex/plain/misc/pdfcolor.tex)
\distancetoright=\skip71
\py@argswidth=\skip72
\py@noticelength=\skip73
\lineblockindentation=\skip74
\image@box=\box39
\image@width=\dimen135

(/usr/local/texlive/2013/texmf-dist/tex/latex/hyperref/hyperref.sty
Package: hyperref 2012/11/06 v6.83m Hypertext links for LaTeX

(/usr/local/texlive/2013/texmf-dist/tex/generic/oberdiek/hobsub-hyperref.sty
Package: hobsub-hyperref 2012/05/28 v1.13 Bundle oberdiek, subset hyperref (HO)


(/usr/local/texlive/2013/texmf-dist/tex/generic/oberdiek/hobsub-generic.sty
Package: hobsub-generic 2012/05/28 v1.13 Bundle oberdiek, subset generic (HO)
Package: hobsub 2012/05/28 v1.13 Construct package bundles (HO)
Package hobsub Info: Skipping package `infwarerr' (already loaded).
Package hobsub Info: Skipping package `ltxcmds' (already loaded).
Package: ifluatex 2010/03/01 v1.3 Provides the ifluatex switch (HO)
Package ifluatex Info: LuaTeX not detected.
Package: ifvtex 2010/03/01 v1.5 Detect VTeX and its facilities (HO)
Package ifvtex Info: VTeX not detected.
Package: intcalc 2007/09/27 v1.1 Expandable calculations with integers (HO)
Package: ifpdf 2011/01/30 v2.3 Provides the ifpdf switch (HO)
Package ifpdf Info: pdfTeX in PDF mode is detected.
Package: etexcmds 2011/02/16 v1.5 Avoid name clashes with e-TeX commands (HO)
Package etexcmds Info: Could not find \expanded.
(etexcmds)             That can mean that you are not using pdfTeX 1.50 or
(etexcmds)             that some package has redefined \expanded.
(etexcmds)             In the latter case, load this package earlier.
Package: kvsetkeys 2012/04/25 v1.16 Key value parser (HO)
Package: kvdefinekeys 2011/04/07 v1.3 Define keys (HO)
Package: pdftexcmds 2011/11/29 v0.20 Utility functions of pdfTeX for LuaTeX (HO
)
Package pdftexcmds Info: LuaTeX not detected.
Package pdftexcmds Info: \pdf@primitive is available.
Package pdftexcmds Info: \pdf@ifprimitive is available.
Package pdftexcmds Info: \pdfdraftmode found.
Package: pdfescape 2011/11/25 v1.13 Implements pdfTeX's escape features (HO)
Package: bigintcalc 2012/04/08 v1.3 Expandable calculations on big integers (HO
)
Package: bitset 2011/01/30 v1.1 Handle bit-vector datatype (HO)
Package: uniquecounter 2011/01/30 v1.2 Provide unlimited unique counter (HO)
)
Package hobsub Info: Skipping package `hobsub' (already loaded).
Package: letltxmacro 2010/09/02 v1.4 Let assignment for LaTeX macros (HO)
Package: hopatch 2012/05/28 v1.2 Wrapper for package hooks (HO)
Package: xcolor-patch 2011/01/30 xcolor patch
Package: atveryend 2011/06/30 v1.8 Hooks at the very end of document (HO)
Package atveryend Info: \enddocument detected (standard20110627).
Package: atbegshi 2011/10/05 v1.16 At begin shipout hook (HO)
Package: refcount 2011/10/16 v3.4 Data extraction from label references (HO)
Package: hycolor 2011/01/30 v1.7 Color options for hyperref/bookmark (HO)
)
(/usr/local/texlive/2013/texmf-dist/tex/generic/ifxetex/ifxetex.sty
Package: ifxetex 2010/09/12 v0.6 Provides ifxetex conditional
)
(/usr/local/texlive/2013/texmf-dist/tex/latex/oberdiek/auxhook.sty
Package: auxhook 2011/03/04 v1.3 Hooks for auxiliary files (HO)
)
(/usr/local/texlive/2013/texmf-dist/tex/latex/oberdiek/kvoptions.sty
Package: kvoptions 2011/06/30 v3.11 Key value format for package options (HO)
)
\@linkdim=\dimen136
\Hy@linkcounter=\count114
\Hy@pagecounter=\count115

(/usr/local/texlive/2013/texmf-dist/tex/latex/hyperref/pd1enc.def
File: pd1enc.def 2012/11/06 v6.83m Hyperref: PDFDocEncoding definition (HO)
Now handling font encoding PD1 ...
... no UTF-8 mapping file for font encoding PD1
)
\Hy@SavedSpaceFactor=\count116

(/usr/local/texlive/2013/texmf-dist/tex/latex/latexconfig/hyperref.cfg
File: hyperref.cfg 2002/06/06 v1.2 hyperref configuration of TeXLive
)
Package hyperref Info: Option `colorlinks' set `true' on input line 4319.
Package hyperref Info: Option `breaklinks' set `true' on input line 4319.
Package hyperref Info: Hyper figures OFF on input line 4443.
Package hyperref Info: Link nesting OFF on input line 4448.
Package hyperref Info: Hyper index ON on input line 4451.
Package hyperref Info: Plain pages OFF on input line 4458.
Package hyperref Info: Backreferencing OFF on input line 4463.
Package hyperref Info: Implicit mode ON; LaTeX internals redefined.
Package hyperref Info: Bookmarks ON on input line 4688.
\c@Hy@tempcnt=\count117

(/usr/local/texlive/2013/texmf-dist/tex/latex/url/url.sty
\Urlmuskip=\muskip11
Package: url 2006/04/12  ver 3.3  Verb mode for urls, etc.
)
LaTeX Info: Redefining \url on input line 5041.
\XeTeXLinkMargin=\dimen137
\Fld@menulength=\count118
\Field@Width=\dimen138
\Fld@charsize=\dimen139
Package hyperref Info: Hyper figures OFF on input line 6295.
Package hyperref Info: Link nesting OFF on input line 6300.
Package hyperref Info: Hyper index ON on input line 6303.
Package hyperref Info: backreferencing OFF on input line 6310.
Package hyperref Info: Link coloring ON on input line 6313.
Package hyperref Info: Link coloring with OCG OFF on input line 6320.
Package hyperref Info: PDF/A mode OFF on input line 6325.
LaTeX Info: Redefining \ref on input line 6365.
LaTeX Info: Redefining \pageref on input line 6369.
\Hy@abspage=\count119
\c@Item=\count120
\c@Hfootnote=\count121
)

Package hyperref Message: Driver (autodetected): hpdftex.

(/usr/local/texlive/2013/texmf-dist/tex/latex/hyperref/hpdftex.def
File: hpdftex.def 2012/11/06 v6.83m Hyperref driver for pdfTeX
\Fld@listcount=\count122
\c@bookmark@seq@number=\count123

(/usr/local/texlive/2013/texmf-dist/tex/latex/oberdiek/rerunfilecheck.sty
Package: rerunfilecheck 2011/04/15 v1.7 Rerun checks for auxiliary files (HO)
Package uniquecounter Info: New unique counter `rerunfilecheck' on input line 2
82.
)
\Hy@SectionHShift=\skip75
)
(/usr/local/texlive/2013/texmf-dist/tex/latex/oberdiek/hypcap.sty
Package: hypcap 2011/02/16 v1.11 Adjusting the anchors of captions (HO)
)
\DUlineblockindent=\skip76
)
(/usr/local/texlive/2013/texmf-dist/tex/latex/multirow/multirow.sty
\bigstrutjot=\dimen140
)
\@indexfile=\write5
\openout5 = `tethne.idx'.


Writing index file tethne.idx
(./tethne.aux)
\openout1 = `tethne.aux'.

LaTeX Font Info:    Checking defaults for OML/cmm/m/it on input line 116.
LaTeX Font Info:    ... okay on input line 116.
LaTeX Font Info:    Checking defaults for T1/cmr/m/n on input line 116.
LaTeX Font Info:    ... okay on input line 116.
LaTeX Font Info:    Checking defaults for OT1/cmr/m/n on input line 116.
LaTeX Font Info:    ... okay on input line 116.
LaTeX Font Info:    Checking defaults for OMS/cmsy/m/n on input line 116.
LaTeX Font Info:    ... okay on input line 116.
LaTeX Font Info:    Checking defaults for OMX/cmex/m/n on input line 116.
LaTeX Font Info:    ... okay on input line 116.
LaTeX Font Info:    Checking defaults for U/cmr/m/n on input line 116.
LaTeX Font Info:    ... okay on input line 116.
LaTeX Font Info:    Checking defaults for TS1/cmr/m/n on input line 116.
LaTeX Font Info:    Try loading font information for TS1+cmr on input line 116.

 (/usr/local/texlive/2013/texmf-dist/tex/latex/base/ts1cmr.fd
File: ts1cmr.fd 1999/05/25 v2.5h Standard LaTeX font definitions
)
LaTeX Font Info:    ... okay on input line 116.
LaTeX Font Info:    Checking defaults for PD1/pdf/m/n on input line 116.
LaTeX Font Info:    ... okay on input line 116.
LaTeX Font Info:    Try loading font information for T1+ptm on input line 116.

(/usr/local/texlive/2013/texmf-dist/tex/latex/psnfss/t1ptm.fd
File: t1ptm.fd 2001/06/04 font definitions for T1/ptm.
)
(/usr/local/texlive/2013/texmf-dist/tex/context/base/supp-pdf.mkii
[Loading MPS to PDF converter (version 2006.09.02).]
\scratchcounter=\count124
\scratchdimen=\dimen141
\scratchbox=\box40
\nofMPsegments=\count125
\nofMParguments=\count126
\everyMPshowfont=\toks30
\MPscratchCnt=\count127
\MPscratchDim=\dimen142
\MPnumerator=\count128
\makeMPintoPDFobject=\count129
\everyMPtoPDFconversion=\toks31
) (/usr/local/texlive/2013/texmf-dist/tex/latex/oberdiek/epstopdf-base.sty
Package: epstopdf-base 2010/02/09 v2.5 Base part for package epstopdf

(/usr/local/texlive/2013/texmf-dist/tex/latex/oberdiek/grfext.sty
Package: grfext 2010/08/19 v1.1 Manage graphics extensions (HO)
)
Package grfext Info: Graphics extension search list:
(grfext)             [.png,.pdf,.jpg,.mps,.jpeg,.jbig2,.jb2,.PNG,.PDF,.JPG,.JPE
G,.JBIG2,.JB2,.eps]
(grfext)             \AppendGraphicsExtensions on input line 452.

(/usr/local/texlive/2013/texmf-dist/tex/latex/latexconfig/epstopdf-sys.cfg
File: epstopdf-sys.cfg 2010/07/13 v1.3 Configuration of (r)epstopdf for TeX Liv
e
))
\AtBeginShipoutBox=\box41
Package hyperref Info: Link coloring ON on input line 116.

(/usr/local/texlive/2013/texmf-dist/tex/latex/hyperref/nameref.sty
Package: nameref 2012/10/27 v2.43 Cross-referencing by name of section

(/usr/local/texlive/2013/texmf-dist/tex/generic/oberdiek/gettitlestring.sty
Package: gettitlestring 2010/12/03 v1.4 Cleanup title references (HO)
)
\c@section@level=\count130
)
LaTeX Info: Redefining \ref on input line 116.
LaTeX Info: Redefining \pageref on input line 116.
LaTeX Info: Redefining \nameref on input line 116.

(./tethne.out) (./tethne.out)
\@outlinefile=\write6
\openout6 = `tethne.out'.


Underfull \hbox (badness 10000) in paragraph at lines 119--119

 []

LaTeX Font Info:    Try loading font information for T1+phv on input line 119.
(/usr/local/texlive/2013/texmf-dist/tex/latex/psnfss/t1phv.fd
File: t1phv.fd 2001/06/04 scalable font definitions for T1/phv.
)
LaTeX Font Info:    Font shape `T1/phv/bx/n' in size <24.88> not available
(Font)              Font shape `T1/phv/b/n' tried instead on input line 119.
LaTeX Font Info:    Font shape `T1/phv/m/it' in size <17.28> not available
(Font)              Font shape `T1/phv/m/sl' tried instead on input line 119.
LaTeX Font Info:    Font shape `T1/phv/bx/it' in size <17.28> not available
(Font)              Font shape `T1/phv/b/it' tried instead on input line 119.
LaTeX Font Info:    Font shape `T1/phv/b/it' in size <17.28> not available
(Font)              Font shape `T1/phv/b/sl' tried instead on input line 119.
LaTeX Font Info:    Font shape `T1/phv/bx/n' in size <17.28> not available
(Font)              Font shape `T1/phv/b/n' tried instead on input line 119.
 [1

{/usr/local/texlive/2013/texmf-var/fonts/map/pdftex/updmap/pdftex.map}] [2

] (./tethne.toc
LaTeX Font Info:    Font shape `T1/ptm/bx/n' in size <10> not available
(Font)              Font shape `T1/ptm/b/n' tried instead on input line 2.
)
\tf@toc=\write7
\openout7 = `tethne.toc'.


Adding blank page after the table of contents.
LaTeX Font Info:    Font shape `T1/phv/bx/n' in size <10> not available
(Font)              Font shape `T1/phv/b/n' tried instead on input line 119.
pdfTeX warning (ext4): destination with the same identifier (name{page.i}) has 
been already used, duplicate ignored
<to be read again> 
                   \relax 
l.119 \tableofcontents
                       [1

]pdfTeX warning (ext4): destination with the same identifier (name{page.ii}) ha
s been already used, duplicate ignored
<to be read again> 
                   \relax 
l.119 \tableofcontents
                       [2] <logo.jpeg, id=69, 514.5624pt x 115.632pt>
File: logo.jpeg Graphic file (type jpg)

<use logo.jpeg>
Package pdftex.def Info: logo.jpeg used on input line 123.
(pdftex.def)             Requested size: 469.755pt x 105.56757pt.
 [1

 <./logo.jpeg>] [2

]
Chapter 1.
LaTeX Font Info:    Font shape `T1/phv/bx/n' in size <14.4> not available
(Font)              Font shape `T1/phv/b/n' tried instead on input line 140.
<install.2.png, id=85, 1126.2075pt x 358.33875pt>
File: install.2.png Graphic file (type png)
 <use install.2.png>
Package pdftex.def Info: install.2.png used on input line 150.
(pdftex.def)             Requested size: 422.77663pt x 134.51886pt.
LaTeX Font Info:    Font shape `T1/phv/bx/n' in size <12> not available
(Font)              Font shape `T1/phv/b/n' tried instead on input line 163.
LaTeX Font Info:    Try loading font information for TS1+ptm on input line 176.


(/usr/local/texlive/2013/texmf-dist/tex/latex/psnfss/ts1ptm.fd
File: ts1ptm.fd 2001/06/04 font definitions for TS1/ptm.
) [3 <./install.2.png>]
LaTeX Font Info:    Try loading font information for T1+pcr on input line 206.
 (/usr/local/texlive/2013/texmf-dist/tex/latex/psnfss/t1pcr.fd
File: t1pcr.fd 2001/06/04 font definitions for T1/pcr.
)
LaTeX Font Info:    Font shape `T1/pcr/bx/n' in size <9> not available
(Font)              Font shape `T1/pcr/b/n' tried instead on input line 214.
 [4]
<install.0.png, id=128, 853.1875pt x 375.4025pt>
File: install.0.png Graphic file (type png)
 <use install.0.png>
Package pdftex.def Info: install.0.png used on input line 313.
(pdftex.def)             Requested size: 281.85587pt x 124.02068pt.
 [5 <./install.0.png>]
Underfull \hbox (badness 8189) in paragraph at lines 377--380
[]\T1/ptm/m/n/10 To find the \T1/pcr/m/n/10 [TETHNE PATH]\T1/ptm/m/n/10 , start
 the Python in-ter-preter in Ter-mi-nal, and im-port Tethne.
 []


Underfull \hbox (badness 5726) in paragraph at lines 377--380
\T1/ptm/m/n/10 Then call \T1/pcr/m/n/10 tethne.__file__\T1/ptm/m/n/10 . In the 
ex-am-ple be-low, the path that we're look-ing for is
 []

<install.4.png, id=140, 829.0975pt x 631.35875pt>
File: install.4.png Graphic file (type png)
 <use install.4.png>
Package pdftex.def Info: install.4.png used on input line 401.
(pdftex.def)             Requested size: 281.85587pt x 214.63023pt.
 [6]
<install.5.png, id=151, 794.97pt x 826.08624pt>
File: install.5.png Graphic file (type png)
 <use install.5.png>
Package pdftex.def Info: install.5.png used on input line 411.
(pdftex.def)             Requested size: 281.85587pt x 292.89081pt.
 [7 <./install.4.png> <./install.5.png>] <install.1.png, id=162, 1028.84375pt x
 566.115pt>
File: install.1.png Graphic file (type png)

<use install.1.png>
Package pdftex.def Info: install.1.png used on input line 437.
(pdftex.def)             Requested size: 281.85587pt x 155.09038pt.
 <install.3.png, id=163, 675.52374pt x 490.83376pt>
File: install.3.png Graphic file (type png)

<use install.3.png>
Package pdftex.def Info: install.3.png used on input line 458.
(pdftex.def)             Requested size: 281.85587pt x 204.80066pt.
 [8 <./install.1.png> <./install.3.png>]
<getting.0.png, id=175, 1078.0275pt x 787.94376pt>
File: getting.0.png Graphic file (type png)
 <use getting.0.png>
Package pdftex.def Info: getting.0.png used on input line 484.
(pdftex.def)             Requested size: 281.85587pt x 206.01476pt.

<getting.1.png, id=176, 1135.24126pt x 946.53625pt>
File: getting.1.png Graphic file (type png)
 <use getting.1.png>
Package pdftex.def Info: getting.1.png used on input line 494.
(pdftex.def)             Requested size: 281.85587pt x 235.00142pt.

[9 <./getting.0.png>] <getting.1.2.png, id=185, 1145.27875pt x 1065.9825pt>
File: getting.1.2.png Graphic file (type png)

<use getting.1.2.png>
Package pdftex.def Info: getting.1.2.png used on input line 511.
(pdftex.def)             Requested size: 281.85587pt x 262.33098pt.
 <getting.2.png, id=186, 1135.24126pt x 946.53625pt>
File: getting.2.png Graphic file (type png)

<use getting.2.png>
Package pdftex.def Info: getting.2.png used on input line 517.
(pdftex.def)             Requested size: 281.85587pt x 235.00142pt.
 [10 <./getting.1.png> <./getting.1.2.png>]
<getting.3.png, id=193, 1135.24126pt x 946.53625pt>
File: getting.3.png Graphic file (type png)
 <use getting.3.png>
Package pdftex.def Info: getting.3.png used on input line 525.
(pdftex.def)             Requested size: 281.85587pt x 235.00142pt.

<getting.4.png, id=194, 1135.24126pt x 990.70125pt>
File: getting.4.png Graphic file (type png)
 <use getting.4.png>
Package pdftex.def Info: getting.4.png used on input line 531.
(pdftex.def)             Requested size: 281.85587pt x 245.96649pt.

[11 <./getting.2.png> <./getting.3.png>]
LaTeX Font Info:    Font shape `T1/phv/bx/n' in size <9> not available
(Font)              Font shape `T1/phv/b/n' tried instead on input line 534.
 [12 <./getting.4.png>]
<getting.5.png, id=212, 1124.2pt x 740.7675pt>
File: getting.5.png Graphic file (type png)
 <use getting.5.png>
Package pdftex.def Info: getting.5.png used on input line 611.
(pdftex.def)             Requested size: 281.85587pt x 185.72266pt.

<getting.6.png, id=213, 1127.21124pt x 946.53625pt>
File: getting.6.png Graphic file (type png)
 <use getting.6.png>
Package pdftex.def Info: getting.6.png used on input line 623.
(pdftex.def)             Requested size: 281.85587pt x 236.6768pt.

[13 <./getting.5.png>] <getting.7.png, id=221, 1127.21124pt x 946.53625pt>
File: getting.7.png Graphic file (type png)

<use getting.7.png>
Package pdftex.def Info: getting.7.png used on input line 630.
(pdftex.def)             Requested size: 281.85587pt x 236.6768pt.
 <getting.8.png, id=222, 371.3875pt x 163.61125pt>
File: getting.8.png Graphic file (type png)

<use getting.8.png>
Package pdftex.def Info: getting.8.png used on input line 635.
(pdftex.def)             Requested size: 187.89912pt x 82.77905pt.
 [14 <./getting.6.png> <./getting.7.png> <./getting.8.png>]
[15] <cytoscape.png, id=253, 1442.38875pt x 961.5925pt>
File: cytoscape.png Graphic file (type png)
 <use cytoscape.png>
Package pdftex.def Info: cytoscape.png used on input line 789.
(pdftex.def)             Requested size: 281.85587pt x 187.8986pt.

[16] [17 <./cytoscape.png (PNG copy)>]
Underfull \hbox (badness 10000) in paragraph at lines 870--875
\T1/ptm/m/n/10 build a [][]\T1/pcr/m/n/10 GraphCollection[][] \T1/ptm/m/n/10 us
-ing an author-based net-work (e.g. coau-thor-ship net-works) in
 []


Underfull \hbox (badness 10000) in paragraph at lines 882--885
[]\T1/ptm/m/n/10 To write [][]dy-namic XG-MML[][] for vi-su-al-iza-tion in [][]
Cy-toscape[][], use the writ-ing meth-ods in
 []

[18]
File: install.3.png Graphic file (type png)
 <use install.3.png>
Package pdftex.def Info: install.3.png used on input line 929.
(pdftex.def)             Requested size: 675.5221pt x 490.83255pt.
File: install.3.png Graphic file (type png)
 <use install.3.png>
Package pdftex.def Info: install.3.png used on input line 929.
(pdftex.def)             Requested size: 469.755pt x 341.32693pt.
 [19]
<coauthors.1.png, id=320, 837.1275pt x 643.40375pt>
File: coauthors.1.png Graphic file (type png)
 <use coauthors.1.png>
Package pdftex.def Info: coauthors.1.png used on input line 978.
(pdftex.def)             Requested size: 837.12546pt x 643.40218pt.
File: coauthors.1.png Graphic file (type png)

<use coauthors.1.png>
Package pdftex.def Info: coauthors.1.png used on input line 978.
(pdftex.def)             Requested size: 469.755pt x 361.03996pt.
 [20 <./coauthors.1.png>]
LaTeX Font Info:    Font shape `T1/pcr/m/it' in size <9> not available
(Font)              Font shape `T1/pcr/m/sl' tried instead on input line 990.

<coauthors.2.png, id=339, 840.13875pt x 643.40375pt>
File: coauthors.2.png Graphic file (type png)
 <use coauthors.2.png>
Package pdftex.def Info: coauthors.2.png used on input line 1039.
(pdftex.def)             Requested size: 840.1367pt x 643.40218pt.
File: coauthors.2.png Graphic file (type png)

<use coauthors.2.png>
Package pdftex.def Info: coauthors.2.png used on input line 1039.
(pdftex.def)             Requested size: 469.755pt x 359.75386pt.
 [21]
<coauthors.3.png, id=349, 617.30624pt x 342.27875pt>
File: coauthors.3.png Graphic file (type png)
 <use coauthors.3.png>
Package pdftex.def Info: coauthors.3.png used on input line 1048.
(pdftex.def)             Requested size: 617.30473pt x 342.2779pt.
File: coauthors.3.png Graphic file (type png)

<use coauthors.3.png>
Package pdftex.def Info: coauthors.3.png used on input line 1048.
(pdftex.def)             Requested size: 469.755pt x 260.47401pt.
 [22 <./coauthors.2.png>]
<coauthors.4.png, id=356, 401.5pt x 301.125pt>
File: coauthors.4.png Graphic file (type png)
 <use coauthors.4.png>
Package pdftex.def Info: coauthors.4.png used on input line 1053.
(pdftex.def)             Requested size: 401.49901pt x 301.12425pt.
File: coauthors.4.png Graphic file (type png)

<use coauthors.4.png>
Package pdftex.def Info: coauthors.4.png used on input line 1053.
(pdftex.def)             Requested size: 401.49901pt x 301.12425pt.
 [23 <./coauthors.3.png> <./coauthors.4.png>]
<coauthors.5.png, id=366, 840.13875pt x 774.895pt>
File: coauthors.5.png Graphic file (type png)
 <use coauthors.5.png>
Package pdftex.def Info: coauthors.5.png used on input line 1099.
(pdftex.def)             Requested size: 840.1367pt x 774.89311pt.
File: coauthors.5.png Graphic file (type png)

<use coauthors.5.png>
Package pdftex.def Info: coauthors.5.png used on input line 1099.
(pdftex.def)             Requested size: 469.755pt x 433.27611pt.
 [24] [25 <./coauthors.5.png>]
<coauthors.6.png, id=387, 939.51pt x 417.56pt>
File: coauthors.6.png Graphic file (type png)
 <use coauthors.6.png>
Package pdftex.def Info: coauthors.6.png used on input line 1124.
(pdftex.def)             Requested size: 939.5077pt x 417.55896pt.
File: coauthors.6.png Graphic file (type png)

<use coauthors.6.png>
Package pdftex.def Info: coauthors.6.png used on input line 1124.
(pdftex.def)             Requested size: 469.755pt x 208.77948pt.
 [26 <./coauthors.6.png>]
<coauthors.7.png, id=401, 1415.2875pt x 690.58pt>
File: coauthors.7.png Graphic file (type png)
 <use coauthors.7.png>
Package pdftex.def Info: coauthors.7.png used on input line 1182.
(pdftex.def)             Requested size: 1415.28406pt x 690.57831pt.
File: coauthors.7.png Graphic file (type png)

<use coauthors.7.png>
Package pdftex.def Info: coauthors.7.png used on input line 1182.
(pdftex.def)             Requested size: 469.755pt x 229.20927pt.
 <coauthors.8.png, id=402, 1880.02374pt x 1077.02374pt>
File: coauthors.8.png Graphic file (type png)

<use coauthors.8.png>
Package pdftex.def Info: coauthors.8.png used on input line 1187.
(pdftex.def)             Requested size: 1880.01918pt x 1077.02112pt.
File: coauthors.8.png Graphic file (type png)
 <use coauthors.8.png>
Package pdftex.def Info: coauthors.8.png used on input line 1187.
(pdftex.def)             Requested size: 469.755pt x 269.10736pt.
 [27 <./coauthors.7.png>]
<coauthors.9.png, id=410, 1074.0125pt x 371.3875pt>
File: coauthors.9.png Graphic file (type png)
 <use coauthors.9.png>
Package pdftex.def Info: coauthors.9.png used on input line 1201.
(pdftex.def)             Requested size: 1074.00987pt x 371.38658pt.
File: coauthors.9.png Graphic file (type png)

<use coauthors.9.png>
Package pdftex.def Info: coauthors.9.png used on input line 1201.
(pdftex.def)             Requested size: 469.755pt x 162.43628pt.
 <coauthors.10.png, id=411, 534.99875pt x 356.33125pt>
File: coauthors.10.png Graphic file (type png)

<use coauthors.10.png>
Package pdftex.def Info: coauthors.10.png used on input line 1206.
(pdftex.def)             Requested size: 534.99744pt x 356.33037pt.
File: coauthors.10.png Graphic file (type png)
 <use coauthors.10.png>
Package pdftex.def Info: coauthors.10.png used on input line 1206.
(pdftex.def)             Requested size: 469.755pt x 312.8928pt.
 [28 <./coauthors.8.png> <./coauthors.9.png>] <coauthors.11.png, id=419, 654.44
5pt x 532.99126pt>
File: coauthors.11.png Graphic file (type png)

<use coauthors.11.png>
Package pdftex.def Info: coauthors.11.png used on input line 1211.
(pdftex.def)             Requested size: 654.4434pt x 532.98996pt.
File: coauthors.11.png Graphic file (type png)
 <use coauthors.11.png>
Package pdftex.def Info: coauthors.11.png used on input line 1211.
(pdftex.def)             Requested size: 469.755pt x 382.57416pt.
 [29 <./coauthors.10.png>]
<coauthors.12.png, id=425, 335.2525pt x 304.13625pt>
File: coauthors.12.png Graphic file (type png)
 <use coauthors.12.png>
Package pdftex.def Info: coauthors.12.png used on input line 1230.
(pdftex.def)             Requested size: 335.25168pt x 304.1355pt.
File: coauthors.12.png Graphic file (type png)

<use coauthors.12.png>
Package pdftex.def Info: coauthors.12.png used on input line 1230.
(pdftex.def)             Requested size: 335.25168pt x 304.1355pt.
 [30 <./coauthors.11.png>]
<coauthors.13.png, id=434, 666.49pt x 515.9275pt>
File: coauthors.13.png Graphic file (type png)
 <use coauthors.13.png>
Package pdftex.def Info: coauthors.13.png used on input line 1236.
(pdftex.def)             Requested size: 666.48837pt x 515.92624pt.
File: coauthors.13.png Graphic file (type png)

<use coauthors.13.png>
Package pdftex.def Info: coauthors.13.png used on input line 1236.
(pdftex.def)             Requested size: 469.755pt x 363.64233pt.
 [31 <./coauthors.12.png>]
<coauthors.14.png, id=440, 1069.9975pt x 595.22375pt>
File: coauthors.14.png Graphic file (type png)
 <use coauthors.14.png>
Package pdftex.def Info: coauthors.14.png used on input line 1243.
(pdftex.def)             Requested size: 1069.99489pt x 595.2223pt.
File: coauthors.14.png Graphic file (type png)

<use coauthors.14.png>
Package pdftex.def Info: coauthors.14.png used on input line 1243.
(pdftex.def)             Requested size: 469.755pt x 261.318pt.
 [32 <./coauthors.13.png>]
<coauthors.15.png, id=446, 1559.8275pt x 333.245pt>
File: coauthors.15.png Graphic file (type png)
 <use coauthors.15.png>
Package pdftex.def Info: coauthors.15.png used on input line 1248.
(pdftex.def)             Requested size: 1559.82372pt x 333.24417pt.
File: coauthors.15.png Graphic file (type png)

<use coauthors.15.png>
Package pdftex.def Info: coauthors.15.png used on input line 1248.
(pdftex.def)             Requested size: 469.755pt x 100.35562pt.
 <coauthors.16.png, id=447, 551.05875pt x 310.15875pt>
File: coauthors.16.png Graphic file (type png)

<use coauthors.16.png>
Package pdftex.def Info: coauthors.16.png used on input line 1256.
(pdftex.def)             Requested size: 551.05739pt x 310.15799pt.
File: coauthors.16.png Graphic file (type png)
 <use coauthors.16.png>
Package pdftex.def Info: coauthors.16.png used on input line 1256.
(pdftex.def)             Requested size: 469.755pt x 264.4076pt.
 [33 <./coauthors.14.png> <./coauthors.15.png>]
Underfull \hbox (badness 10000) in paragraph at lines 1274--1276
[]\T1/ptm/m/n/10 Right-click on \T1/pcr/m/n/10 Discrete Mapping'', and select `
`Mapping Value Generators >
 []

<coauthors.17.png, id=456, 1054.94125pt x 1003.75pt>
File: coauthors.17.png Graphic file (type png)
 <use coauthors.17.png>
Package pdftex.def Info: coauthors.17.png used on input line 1279.
(pdftex.def)             Requested size: 1054.93869pt x 1003.74756pt.
File: coauthors.17.png Graphic file (type png)

<use coauthors.17.png>
Package pdftex.def Info: coauthors.17.png used on input line 1279.
(pdftex.def)             Requested size: 469.755pt x 446.9507pt.
 [34 <./coauthors.16.png>]
<coauthors.18.png, id=468, 1550.79375pt x 1003.75pt>
File: coauthors.18.png Graphic file (type png)
 <use coauthors.18.png>
Package pdftex.def Info: coauthors.18.png used on input line 1285.
(pdftex.def)             Requested size: 1550.78998pt x 1003.74756pt.
File: coauthors.18.png Graphic file (type png)

<use coauthors.18.png>
Package pdftex.def Info: coauthors.18.png used on input line 1285.
(pdftex.def)             Requested size: 469.755pt x 304.03735pt.
 [35 <./coauthors.17.png>]
<coauthors.19.png, id=474, 590.205pt x 732.7375pt>
File: coauthors.19.png Graphic file (type png)
 <use coauthors.19.png>
Package pdftex.def Info: coauthors.19.png used on input line 1291.
(pdftex.def)             Requested size: 590.20355pt x 732.73572pt.
File: coauthors.19.png Graphic file (type png)

<use coauthors.19.png>
Package pdftex.def Info: coauthors.19.png used on input line 1291.
(pdftex.def)             Requested size: 469.755pt x 583.20557pt.
 [36 <./coauthors.18.png>]
<coauthors.20.png, id=479, 1383.1675pt x 1079.03125pt>
File: coauthors.20.png Graphic file (type png)
 <use coauthors.20.png>
Package pdftex.def Info: coauthors.20.png used on input line 1301.
(pdftex.def)             Requested size: 1383.16412pt x 1079.02863pt.
File: coauthors.20.png Graphic file (type png)

<use coauthors.20.png>
Package pdftex.def Info: coauthors.20.png used on input line 1301.
(pdftex.def)             Requested size: 469.755pt x 366.45416pt.
 [37 <./coauthors.19.png>]
<coauthors.21.png, id=485, 1307.88625pt x 1013.7875pt>
File: coauthors.21.png Graphic file (type png)
 <use coauthors.21.png>
Package pdftex.def Info: coauthors.21.png used on input line 1313.
(pdftex.def)             Requested size: 1307.88306pt x 1013.78505pt.
File: coauthors.21.png Graphic file (type png)

<use coauthors.21.png>
Package pdftex.def Info: coauthors.21.png used on input line 1313.
(pdftex.def)             Requested size: 469.755pt x 364.11243pt.
 [38 <./coauthors.20.png>]
<coauthors.22.png, id=492, 617.30624pt x 385.44pt>
File: coauthors.22.png Graphic file (type png)
 <use coauthors.22.png>
Package pdftex.def Info: coauthors.22.png used on input line 1339.
(pdftex.def)             Requested size: 617.30473pt x 385.43906pt.
File: coauthors.22.png Graphic file (type png)

<use coauthors.22.png>
Package pdftex.def Info: coauthors.22.png used on input line 1339.
(pdftex.def)             Requested size: 469.755pt x 293.31973pt.
 [39 <./coauthors.21.png>]
<coauthors.23.png, id=503, 617.30624pt x 453.695pt>
File: coauthors.23.png Graphic file (type png)
 <use coauthors.23.png>
Package pdftex.def Info: coauthors.23.png used on input line 1347.
(pdftex.def)             Requested size: 617.30473pt x 453.6939pt.
File: coauthors.23.png Graphic file (type png)

<use coauthors.23.png>
Package pdftex.def Info: coauthors.23.png used on input line 1347.
(pdftex.def)             Requested size: 469.755pt x 345.26176pt.
 [40 <./coauthors.22.png>]
<coauthors.25.png, id=510, 1277.77374pt x 819.06pt>
File: coauthors.25.png Graphic file (type png)
 <use coauthors.25.png>
Package pdftex.def Info: coauthors.25.png used on input line 1359.
(pdftex.def)             Requested size: 1277.77063pt x 819.058pt.
File: coauthors.25.png Graphic file (type png)

<use coauthors.25.png>
Package pdftex.def Info: coauthors.25.png used on input line 1359.
(pdftex.def)             Requested size: 469.755pt x 301.11029pt.
 [41 <./coauthors.23.png>]
<coauthors.26.png, id=518, 449.68pt x 513.92pt>
File: coauthors.26.png Graphic file (type png)
 <use coauthors.26.png>
Package pdftex.def Info: coauthors.26.png used on input line 1378.
(pdftex.def)             Requested size: 449.6789pt x 513.91873pt.
File: coauthors.26.png Graphic file (type png)

<use coauthors.26.png>
Package pdftex.def Info: coauthors.26.png used on input line 1378.
(pdftex.def)             Requested size: 449.6789pt x 513.91873pt.
 [42 <./coauthors.25.png>]
<coauthors.27.png, id=528, 1016.79875pt x 722.7pt>
File: coauthors.27.png Graphic file (type png)
 <use coauthors.27.png>
Package pdftex.def Info: coauthors.27.png used on input line 1385.
(pdftex.def)             Requested size: 1016.79628pt x 722.69823pt.
File: coauthors.27.png Graphic file (type png)

<use coauthors.27.png>
Package pdftex.def Info: coauthors.27.png used on input line 1385.
(pdftex.def)             Requested size: 469.755pt x 333.87961pt.
 [43 <./coauthors.26.png>]
<coauthors.28.png, id=534, 1015.795pt x 754.82pt>
File: coauthors.28.png Graphic file (type png)
 <use coauthors.28.png>
Package pdftex.def Info: coauthors.28.png used on input line 1411.
(pdftex.def)             Requested size: 1015.79253pt x 754.81818pt.
File: coauthors.28.png Graphic file (type png)

<use coauthors.28.png>
Package pdftex.def Info: coauthors.28.png used on input line 1411.
(pdftex.def)             Requested size: 469.755pt x 349.06424pt.
 [44 <./coauthors.27.png>]
<coauthors.29.png, id=540, 709.65125pt x 733.74126pt>
File: coauthors.29.png Graphic file (type png)
 <use coauthors.29.png>
Package pdftex.def Info: coauthors.29.png used on input line 1417.
(pdftex.def)             Requested size: 709.6495pt x 733.73947pt.
File: coauthors.29.png Graphic file (type png)

<use coauthors.29.png>
Package pdftex.def Info: coauthors.29.png used on input line 1417.
(pdftex.def)             Requested size: 469.755pt x 485.71501pt.
 [45 <./coauthors.28.png>]
<coauthors.30.png, id=547, 255.95625pt x 202.7575pt>
File: coauthors.30.png Graphic file (type png)
 <use coauthors.30.png>
Package pdftex.def Info: coauthors.30.png used on input line 1422.
(pdftex.def)             Requested size: 255.95561pt x 202.757pt.
File: coauthors.30.png Graphic file (type png)

<use coauthors.30.png>
Package pdftex.def Info: coauthors.30.png used on input line 1422.
(pdftex.def)             Requested size: 255.95561pt x 202.757pt.
 [46 <./coauthors.29.png>] [47 <./coauthors.30.png>]
<coauthors.31.png, id=562, 840.13875pt x 774.895pt>
File: coauthors.31.png Graphic file (type png)
 <use coauthors.31.png>
Package pdftex.def Info: coauthors.31.png used on input line 1497.
(pdftex.def)             Requested size: 840.1367pt x 774.89311pt.
File: coauthors.31.png Graphic file (type png)

<use coauthors.31.png>
Package pdftex.def Info: coauthors.31.png used on input line 1497.
(pdftex.def)             Requested size: 469.755pt x 433.27611pt.
 [48]
<coauthors.32.png, id=568, 840.13875pt x 774.895pt>
File: coauthors.32.png Graphic file (type png)
 <use coauthors.32.png>
Package pdftex.def Info: coauthors.32.png used on input line 1502.
(pdftex.def)             Requested size: 840.1367pt x 774.89311pt.
File: coauthors.32.png Graphic file (type png)

<use coauthors.32.png>
Package pdftex.def Info: coauthors.32.png used on input line 1502.
(pdftex.def)             Requested size: 469.755pt x 433.27611pt.
 [49 <./coauthors.31.png>]
<coauthors.33.png, id=574, 939.51pt x 417.56pt>
File: coauthors.33.png Graphic file (type png)
 <use coauthors.33.png>
Package pdftex.def Info: coauthors.33.png used on input line 1508.
(pdftex.def)             Requested size: 939.5077pt x 417.55896pt.
File: coauthors.33.png Graphic file (type png)

<use coauthors.33.png>
Package pdftex.def Info: coauthors.33.png used on input line 1508.
(pdftex.def)             Requested size: 469.755pt x 208.77948pt.
 [50 <./coauthors.32.png>]
<coauthors.34.png, id=586, 696.6025pt x 290.08376pt>
File: coauthors.34.png Graphic file (type png)
 <use coauthors.34.png>
Package pdftex.def Info: coauthors.34.png used on input line 1546.
(pdftex.def)             Requested size: 696.6008pt x 290.08304pt.
File: coauthors.34.png Graphic file (type png)

<use coauthors.34.png>
Package pdftex.def Info: coauthors.34.png used on input line 1546.
(pdftex.def)             Requested size: 469.755pt x 195.6166pt.
 [51 <./coauthors.33.png>]
<coauthors.35.png, id=596, 327.2225pt x 504.88625pt>
File: coauthors.35.png Graphic file (type png)
 <use coauthors.35.png>
Package pdftex.def Info: coauthors.35.png used on input line 1550.
(pdftex.def)             Requested size: 327.2217pt x 504.885pt.
File: coauthors.35.png Graphic file (type png)

<use coauthors.35.png>
Package pdftex.def Info: coauthors.35.png used on input line 1550.
(pdftex.def)             Requested size: 327.2217pt x 504.885pt.
 [52 <./coauthors.34.png>]
<coauthors.36.png, id=602, 666.49pt x 515.9275pt>
File: coauthors.36.png Graphic file (type png)
 <use coauthors.36.png>
Package pdftex.def Info: coauthors.36.png used on input line 1568.
(pdftex.def)             Requested size: 666.48837pt x 515.92624pt.
File: coauthors.36.png Graphic file (type png)

<use coauthors.36.png>
Package pdftex.def Info: coauthors.36.png used on input line 1568.
(pdftex.def)             Requested size: 469.755pt x 363.64233pt.
 [53 <./coauthors.35.png>]
<coauthors.37.png, id=610, 994.71625pt x 744.7825pt>
File: coauthors.37.png Graphic file (type png)
 <use coauthors.37.png>
Package pdftex.def Info: coauthors.37.png used on input line 1585.
(pdftex.def)             Requested size: 994.71382pt x 744.78069pt.
File: coauthors.37.png Graphic file (type png)

<use coauthors.37.png>
Package pdftex.def Info: coauthors.37.png used on input line 1585.
(pdftex.def)             Requested size: 469.755pt x 351.72977pt.
 [54 <./coauthors.36.png>]
<coauthors.38.png, id=619, 1011.78pt x 746.79pt>
File: coauthors.38.png Graphic file (type png)
 <use coauthors.38.png>
Package pdftex.def Info: coauthors.38.png used on input line 1591.
(pdftex.def)             Requested size: 1011.77753pt x 746.78816pt.
File: coauthors.38.png Graphic file (type png)

<use coauthors.38.png>
Package pdftex.def Info: coauthors.38.png used on input line 1591.
(pdftex.def)             Requested size: 469.755pt x 346.72958pt.
 [55 <./coauthors.37.png>]
<citationnetworks.png, id=627, 732.7375pt x 443.6575pt>
File: citationnetworks.png Graphic file (type png)

<use citationnetworks.png>
Package pdftex.def Info: citationnetworks.png used on input line 1610.
(pdftex.def)             Requested size: 732.73572pt x 443.6564pt.
File: citationnetworks.png Graphic file (type png)
 <use citationnetworks.png>
Package pdftex.def Info: citationnetworks.png used on input line 1610.
(pdftex.def)             Requested size: 469.755pt x 284.42723pt.
 [56 <./coauthors.38.png>]
File: install.3.png Graphic file (type png)
<use install.3.png>
Package pdftex.def Info: install.3.png used on input line 1641.
(pdftex.def)             Requested size: 675.5221pt x 490.83255pt.
File: install.3.png Graphic file (type png)
 <use install.3.png>
Package pdftex.def Info: install.3.png used on input line 1641.
(pdftex.def)             Requested size: 469.755pt x 341.32693pt.
 [57 <./citationnetworks.png>] [58]
File: coauthors.1.png Graphic file (type png)

<use coauthors.1.png>
Package pdftex.def Info: coauthors.1.png used on input line 1690.
(pdftex.def)             Requested size: 837.12546pt x 643.40218pt.
File: coauthors.1.png Graphic file (type png)
 <use coauthors.1.png>
Package pdftex.def Info: coauthors.1.png used on input line 1690.
(pdftex.def)             Requested size: 469.755pt x 361.03996pt.
 [59]
<timeline.timeslice.png, id=665, 373.395pt x 69.25874pt>
File: timeline.timeslice.png Graphic file (type png)

<use timeline.timeslice.png>
Package pdftex.def Info: timeline.timeslice.png used on input line 1732.
(pdftex.def)             Requested size: 373.39409pt x 69.25856pt.
File: timeline.timeslice.png Graphic file (type png)
 <use timeline.timeslice.png>
Package pdftex.def Info: timeline.timeslice.png used on input line 1732.
(pdftex.def)             Requested size: 373.39409pt x 69.25856pt.

<timeline.timewindow.png, id=666, 307.1475pt x 92.345pt>
File: timeline.timewindow.png Graphic file (type png)

<use timeline.timewindow.png>
Package pdftex.def Info: timeline.timewindow.png used on input line 1738.
(pdftex.def)             Requested size: 307.14674pt x 92.34476pt.
File: timeline.timewindow.png Graphic file (type png)
 <use timeline.timewindow.png>
Package pdftex.def Info: timeline.timewindow.png used on input line 1738.
(pdftex.def)             Requested size: 307.14674pt x 92.34476pt.
 [60 <./timeline.timeslice.png (PNG copy)> <./timeline.timewindow.png (PNG copy
)>]
<slice1.png, id=679, 712.6625pt x 669.50125pt>
File: slice1.png Graphic file (type png)
 <use slice1.png>
Package pdftex.def Info: slice1.png used on input line 1779.
(pdftex.def)             Requested size: 712.66077pt x 669.49962pt.
File: slice1.png Graphic file (type png)

<use slice1.png>
Package pdftex.def Info: slice1.png used on input line 1779.
(pdftex.def)             Requested size: 469.755pt x 441.30011pt.
 [61 <./slice1.png>]
<graph.merged.png, id=692, 773.89125pt x 694.595pt>
File: graph.merged.png Graphic file (type png)
 <use graph.merged.png>
Package pdftex.def Info: graph.merged.png used on input line 1849.
(pdftex.def)             Requested size: 773.88936pt x 694.5933pt.
File: graph.merged.png Graphic file (type png)

<use graph.merged.png>
Package pdftex.def Info: graph.merged.png used on input line 1849.
(pdftex.def)             Requested size: 469.755pt x 421.625pt.
 [62] [63 <./graph.merged.png>]
File: coauthors.6.png Graphic file (type png)
 <use coauthors.6.png>
Package pdftex.def Info: coauthors.6.png used on input line 1879.
(pdftex.def)             Requested size: 939.5077pt x 417.55896pt.
File: coauthors.6.png Graphic file (type png)

<use coauthors.6.png>
Package pdftex.def Info: coauthors.6.png used on input line 1879.
(pdftex.def)             Requested size: 469.755pt x 208.77948pt.
 <write.graphml.png, id=717, 735.74875pt x 693.59125pt>
File: write.graphml.png Graphic file (type png)

<use write.graphml.png>
Package pdftex.def Info: write.graphml.png used on input line 1900.
(pdftex.def)             Requested size: 735.74695pt x 693.58955pt.
File: write.graphml.png Graphic file (type png)
 <use write.graphml.png>
Package pdftex.def Info: write.graphml.png used on input line 1900.
(pdftex.def)             Requested size: 469.755pt x 442.84914pt.
 [64] [65 <./write.graphml.png>] <cyto.1.png, id=735, 1012.78375pt x 720.6925pt
>
File: cyto.1.png Graphic file (type png)
 <use cyto.1.png>
Package pdftex.def Info: cyto.1.png used on input line 1936.
(pdftex.def)             Requested size: 1012.78128pt x 720.69075pt.
File: cyto.1.png Graphic file (type png)

<use cyto.1.png>
Package pdftex.def Info: cyto.1.png used on input line 1936.
(pdftex.def)             Requested size: 469.755pt x 334.27179pt.
 <cyto.2.png, id=736, 1410.26875pt x 1189.44376pt>
File: cyto.2.png Graphic file (type png)

<use cyto.2.png>
Package pdftex.def Info: cyto.2.png used on input line 1945.
(pdftex.def)             Requested size: 1410.26532pt x 1189.44086pt.
File: cyto.2.png Graphic file (type png)
 <use cyto.2.png>
Package pdftex.def Info: cyto.2.png used on input line 1945.
(pdftex.def)             Requested size: 469.755pt x 396.20198pt.
 [66 <./cyto.1.png>]
<cyto.3.png, id=743, 1248.665pt x 737.75626pt>
File: cyto.3.png Graphic file (type png)
 <use cyto.3.png>
Package pdftex.def Info: cyto.3.png used on input line 1952.
(pdftex.def)             Requested size: 1248.66196pt x 737.75446pt.
File: cyto.3.png Graphic file (type png)

<use cyto.3.png>
Package pdftex.def Info: cyto.3.png used on input line 1952.
(pdftex.def)             Requested size: 469.755pt x 277.54724pt.
 [67 <./cyto.2.png>]
<cyto.4.png, id=749, 1492.57625pt x 1264.725pt>
File: cyto.4.png Graphic file (type png)
 <use cyto.4.png>
Package pdftex.def Info: cyto.4.png used on input line 1959.
(pdftex.def)             Requested size: 1492.57262pt x 1264.72192pt.
File: cyto.4.png Graphic file (type png)

<use cyto.4.png>
Package pdftex.def Info: cyto.4.png used on input line 1959.
(pdftex.def)             Requested size: 469.755pt x 398.04312pt.
 [68 <./cyto.3.png>]
<cyto.5.png, id=755, 709.65125pt x 569.12625pt>
File: cyto.5.png Graphic file (type png)
 <use cyto.5.png>
Package pdftex.def Info: cyto.5.png used on input line 1984.
(pdftex.def)             Requested size: 709.6495pt x 569.12486pt.
File: cyto.5.png Graphic file (type png)

<use cyto.5.png>
Package pdftex.def Info: cyto.5.png used on input line 1984.
(pdftex.def)             Requested size: 469.755pt x 376.74474pt.
 [69 <./cyto.4.png>]
<cyto.6.png, id=765, 762.85pt x 567.11874pt>
File: cyto.6.png Graphic file (type png)
 <use cyto.6.png>
Package pdftex.def Info: cyto.6.png used on input line 1988.
(pdftex.def)             Requested size: 762.84814pt x 567.11736pt.
File: cyto.6.png Graphic file (type png)
 <use cyto.6.png>
Package pdftex.def Info: cyto.6.png used on input line 1988.
(pdftex.def)             Requested size: 469.755pt x 349.2216pt.

[70 <./cyto.5.png>] <cyto.7.png, id=772, 273.02pt x 1154.3125pt>
File: cyto.7.png Graphic file (type png)

<use cyto.7.png>
Package pdftex.def Info: cyto.7.png used on input line 2003.
(pdftex.def)             Requested size: 273.01933pt x 1154.3097pt.
File: cyto.7.png Graphic file (type png)
 <use cyto.7.png>
Package pdftex.def Info: cyto.7.png used on input line 2003.
(pdftex.def)             Requested size: 273.01933pt x 1154.3097pt.
 [71 <./cyto.6.png>]
Overfull \vbox (503.8797pt too high) has occurred while \output is active []


[72 <./cyto.7.png>] <cyto.8.png, id=786, 1492.57625pt x 1264.725pt>
File: cyto.8.png Graphic file (type png)

<use cyto.8.png>
Package pdftex.def Info: cyto.8.png used on input line 2014.
(pdftex.def)             Requested size: 1492.57262pt x 1264.72192pt.
File: cyto.8.png Graphic file (type png)
 <use cyto.8.png>
Package pdftex.def Info: cyto.8.png used on input line 2014.
(pdftex.def)             Requested size: 469.755pt x 398.04312pt.

<cyto.9.png, id=787, 906.38625pt x 1226.5825pt>
File: cyto.9.png Graphic file (type png)
 <use cyto.9.png>
Package pdftex.def Info: cyto.9.png used on input line 2023.
(pdftex.def)             Requested size: 906.38403pt x 1226.57951pt.
File: cyto.9.png Graphic file (type png)

<use cyto.9.png>
Package pdftex.def Info: cyto.9.png used on input line 2023.
(pdftex.def)             Requested size: 469.755pt x 635.69295pt.
 [73 <./cyto.8.png>] [74 <./cyto.9.png>]
<cyto.10.png, id=799, 1948.27875pt x 1264.725pt>
File: cyto.10.png Graphic file (type png)
 <use cyto.10.png>
Package pdftex.def Info: cyto.10.png used on input line 2045.
(pdftex.def)             Requested size: 1948.27402pt x 1264.72192pt.
File: cyto.10.png Graphic file (type png)

<use cyto.10.png>
Package pdftex.def Info: cyto.10.png used on input line 2045.
(pdftex.def)             Requested size: 469.755pt x 304.92967pt.
 [75 <./cyto.10.png>]
File: coauthors.33.png Graphic file (type png)
 <use coauthors.33.png>
Package pdftex.def Info: coauthors.33.png used on input line 2103.
(pdftex.def)             Requested size: 939.5077pt x 417.55896pt.
File: coauthors.33.png Graphic file (type png)

<use coauthors.33.png>
Package pdftex.def Info: coauthors.33.png used on input line 2103.
(pdftex.def)             Requested size: 469.755pt x 208.77948pt.
 [76]
Overfull \hbox (14.79999pt too wide) in paragraph at lines 2149--2149
 [] 
 []

LaTeX Font Info:    Font shape `T1/pcr/bx/n' in size <10> not available
(Font)              Font shape `T1/pcr/b/n' tried instead on input line 2197.
[77]
Overfull \hbox (88.60208pt too wide) in alignment at lines 2271--2273
 [] [] 
 []


Overfull \hbox (88.60208pt too wide) in alignment at lines 2273--2278
 [] [] 
 []


Overfull \hbox (88.60208pt too wide) in alignment at lines 2278--2281
 [] [] 
 []


Overfull \hbox (88.60208pt too wide) in alignment at lines 2281--2284
 [] [] 
 []


Overfull \hbox (88.60208pt too wide) in alignment at lines 2284--2306
 [] [] 
 []

[78]
Overfull \hbox (196.50087pt too wide) in alignment at lines 2314--2316
 [] [] 
 []


Overfull \hbox (196.50087pt too wide) in alignment at lines 2316--2321
 [] [] 
 []


Overfull \hbox (196.50087pt too wide) in alignment at lines 2321--2324
 [] [] 
 []


Overfull \hbox (196.50087pt too wide) in alignment at lines 2324--2327
 [] [] 
 []


Overfull \hbox (196.50087pt too wide) in alignment at lines 2327--2354
 [] [] 
 []

[79]
Overfull \hbox (280.96147pt too wide) in alignment at lines 2428--2430
 [] [] 
 []


Overfull \hbox (280.96147pt too wide) in alignment at lines 2430--2435
 [] [] 
 []


Overfull \hbox (280.96147pt too wide) in alignment at lines 2435--2438
 [] [] 
 []


Overfull \hbox (280.96147pt too wide) in alignment at lines 2438--2441
 [] [] 
 []


Overfull \hbox (280.96147pt too wide) in alignment at lines 2441--2468
 [] [] 
 []


Overfull \hbox (5.32362pt too wide) in paragraph at lines 2537--2537
\T1/pcr/m/n/10 DATASET_ID|  
 []


Overfull \hbox (41.75839pt too wide) in paragraph at lines 2537--2537
[]\T1/pcr/m/n/10 --dataset-id=DATASET_ID|  
 []


Overfull \hbox (17.75839pt too wide) in paragraph at lines 2537--2537
[]\T1/pcr/m/n/10 --temp-dir=TEMP_DIR|  
 []


Overfull \hbox (5.75839pt too wide) in paragraph at lines 2537--2537
[]\T1/pcr/m/n/10 --outpath=OUTPATH|  
 []

[80]
Overfull \hbox (4.87363pt too wide) in paragraph at lines 2596--2596
[]\T1/pcr/m/n/10 --read-file|  
 []

[81]
Underfull \hbox (badness 10000) in paragraph at lines 2670--2674
[]
 []


Underfull \hbox (badness 10000) in paragraph at lines 2670--2674
\T1/ptm/m/n/10 Requires \T1/pcr/m/n/10 --slice-axis\T1/ptm/m/n/10 . If
 []


Underfull \hbox (badness 10000) in paragraph at lines 2670--2674
\T1/pcr/m/n/10 --outpath \T1/ptm/m/n/10 is set, pro-duces a ta-
 []


Underfull \hbox (badness 10000) in paragraph at lines 2670--2674
\T1/ptm/m/n/10 ble with binned pa-per fre-quen-cies in
 []


Overfull \hbox (2.36354pt too wide) in paragraph at lines 2670--2674
\T1/pcr/m/n/10 [OUTPATH]/[DATASET_ID]_slices.csv\T1/ptm/m/n/10 . 
 []


Overfull \hbox (1.71796pt too wide) in paragraph at lines 2660--2678
[][] 
 []


Overfull \hbox (16.30217pt too wide) in paragraph at lines 2712--2712
\T1/pcr/m/n/10 SLICE_AXIS|  
 []


Overfull \hbox (41.09372pt too wide) in paragraph at lines 2712--2712
[]\T1/pcr/m/n/10 --slice-axis=AXIS|  
 []


Overfull \hbox (28.30217pt too wide) in paragraph at lines 2712--2712
\T1/pcr/m/n/10 SLICE_METHOD|  
 []


Overfull \hbox (65.09372pt too wide) in paragraph at lines 2712--2712
[]\T1/pcr/m/n/10 --slice-method=METHOD|  
 []


Overfull \hbox (12.90175pt too wide) in paragraph at lines 2741--2741
[]\T1/pcr/m/n/10 --slice-window-size=SIZE|  
 []


Overfull \hbox (0.90175pt too wide) in paragraph at lines 2741--2741
[]\T1/pcr/m/n/10 --slice-step-size=SIZE|  
 []


Overfull \hbox (27.08351pt too wide) in paragraph at lines 2769--2954
[] 
 []

[82] <slice.png, id=937, 690.9012pt x 403.7484pt>
File: slice.png Graphic file (type png)
 <use slice.png>
Package pdftex.def Info: slice.png used on input line 2958.
(pdftex.def)             Requested size: 281.85587pt x 164.71237pt.

Overfull \hbox (11.9171pt too wide) in paragraph at lines 2977--2977
[]\T1/pcr/m/n/10 --graph|  
 []


Overfull \hbox (8.84727pt too wide) in paragraph at lines 3009--3009
\T1/pcr/m/n/10 NODE_TYPE|  
 []


Overfull \hbox (37.25537pt too wide) in paragraph at lines 3009--3009
[]\T1/pcr/m/n/10 --node-type=TYPE|  
 []


Overfull \hbox (14.84727pt too wide) in paragraph at lines 3009--3009
\T1/pcr/m/n/10 GRAPH_TYPE|  
 []


Overfull \hbox (43.25537pt too wide) in paragraph at lines 3009--3009
[]\T1/pcr/m/n/10 --graph-type=TYPE|  
 []


Overfull \hbox (32.8946pt too wide) in paragraph at lines 3079--3080
[][] 
 []

[83 <./slice.png>]
Overfull \hbox (35.75949pt too wide) in paragraph at lines 3149--3149
[]\T1/pcr/m/n/10 --threshold=THRESHOLD|  
 []


Overfull \hbox (35.75949pt too wide) in paragraph at lines 3149--3149
[]\T1/pcr/m/n/10 --node-attr=NODE_ATTR|  
 []


Overfull \hbox (35.75949pt too wide) in paragraph at lines 3149--3149
[]\T1/pcr/m/n/10 --edge-attr=EDGE_ATTR|  
 []


Overfull \hbox (11.75949pt too wide) in paragraph at lines 3149--3149
[]\T1/pcr/m/n/10 --node-id=NODE_ID|  
 []


Underfull \hbox (badness 10000) in paragraph at lines 3230--3230
[]\T1/ptm/m/n/10 Table 1.5:
 []

[84] <graph.png, id=967, 594.0594pt x 411.4572pt>
File: graph.png Graphic file (type png)
 <use graph.png>
Package pdftex.def Info: graph.png used on input line 3237.
(pdftex.def)             Requested size: 281.85587pt x 195.22444pt.

Underfull \hbox (badness 10000) in paragraph at lines 3242--3246
\T1/ptm/m/n/10 The anal-y-sis work-flow step is op-tional. As of v0.3.0-alpha, 
\T1/pcr/m/n/10 --analyze \T1/ptm/m/n/10 trig-gers
 []


Overfull \hbox (20.96207pt too wide) in paragraph at lines 3262--3262
[]\T1/pcr/m/n/10 --analyze|  
 []

[85 <./graph.png>] <analyze.png, id=977, 625.3764pt x 554.07pt>
File: analyze.png Graphic file (type png)

<use analyze.png>
Package pdftex.def Info: analyze.png used on input line 3374.
(pdftex.def)             Requested size: 281.85587pt x 249.72655pt.

Overfull \hbox (31.19717pt too wide) in paragraph at lines 3424--3424
\T1/ptm/m/n/10 WRITE_FORMAT|  
 []


Overfull \hbox (22.45242pt too wide) in paragraph at lines 3424--3424
\T1/ptm/m/n/10 format=FORMAT|  
 []

[86 <./analyze.png>] <cytoscape2.png, id=986, 1165.35374pt x 943.525pt>
File: cytoscape2.png Graphic file (type png)

<use cytoscape2.png>
Package pdftex.def Info: cytoscape2.png used on input line 3457.
(pdftex.def)             Requested size: 281.85587pt x 228.19266pt.
LaTeX Font Info:    Font shape `T1/pcr/bx/n' in size <12> not available
(Font)              Font shape `T1/pcr/b/n' tried instead on input line 3463.
 [87 <./cytoscape2.png (PNG copy)>] [88]
Overfull \hbox (20.38206pt too wide) in alignment at lines 3718--3720
 [] [] 
 []


Overfull \hbox (20.38206pt too wide) in alignment at lines 3720--3725
 [] [] 
 []


Overfull \hbox (20.38206pt too wide) in alignment at lines 3725--3728
 [] [] 
 []


Overfull \hbox (20.38206pt too wide) in alignment at lines 3728--3731
 [] [] 
 []


Overfull \hbox (20.38206pt too wide) in alignment at lines 3731--3753
 [] [] 
 []

[89] [90]
Overfull \hbox (4.3288pt too wide) in paragraph at lines 4095--4095
[] \T1/ptm/b/n/10 Key|  
 []


Overfull \hbox (18.24796pt too wide) in paragraph at lines 4095--4095
[]\T1/ptm/m/n/10 time_window|  
 []


Overfull \hbox (2.11871pt too wide) in paragraph at lines 4095--4095
[]\T1/ptm/m/n/10 date|  
 []


Overfull \hbox (11.82791pt too wide) in paragraph at lines 4095--4095
[]\T1/ptm/m/n/10 time_period|  
 []


Overfull \hbox (2.11871pt too wide) in paragraph at lines 4095--4095
[]\T1/ptm/m/n/10 date|  
 []

[91]
File: timeline.timeslice.png Graphic file (type png)
 <use timeline.timeslice.png>
Package pdftex.def Info: timeline.timeslice.png used on input line 4107.
(pdftex.def)             Requested size: 373.39409pt x 69.25856pt.
File: timeline.timeslice.png Graphic file (type png)
 <use timeline.timeslice.png>
Package pdftex.def Info: timeline.timeslice.png used on input line 4107.
(pdftex.def)             Requested size: 373.39409pt x 69.25856pt.
File: timeline.timewindow.png Graphic file (type png)

<use timeline.timewindow.png>
Package pdftex.def Info: timeline.timewindow.png used on input line 4113.
(pdftex.def)             Requested size: 307.14674pt x 92.34476pt.
File: timeline.timewindow.png Graphic file (type png)
 <use timeline.timewindow.png>
Package pdftex.def Info: timeline.timewindow.png used on input line 4113.
(pdftex.def)             Requested size: 307.14674pt x 92.34476pt.

Overfull \hbox (6.43774pt too wide) in paragraph at lines 4153--4153
[] \T1/ptm/b/n/10 Type|  
 []


Overfull \hbox (4.06544pt too wide) in paragraph at lines 4153--4153
\T1/ptm/m/n/10 dow_size|  
 []


Overfull \hbox (3.2052pt too wide) in paragraph at lines 4153--4153
[]\T1/ptm/m/n/10 step_size|  
 []


Overfull \hbox (1.38782pt too wide) in paragraph at lines 4153--4153
[]\T1/ptm/m/n/10 bool|  
 []

[92] [93] [94] [95] [96] [97] [98]
Underfull \hbox (badness 10000) in paragraph at lines 5093--5095
[]\T1/ptm/m/n/10 You can cal-cu-late the global close-ness cen-tral-ity of all 
nodes in the net-work us-ing
 []


Overfull \hbox (26.00117pt too wide) in alignment at lines 5170--5172
 [] [] 
 []


Overfull \hbox (26.00117pt too wide) in alignment at lines 5172--5177
 [] [] 
 []


Overfull \hbox (26.00117pt too wide) in alignment at lines 5177--5180
 [] [] 
 []


Overfull \hbox (26.00117pt too wide) in alignment at lines 5180--5183
 [] [] 
 []


Overfull \hbox (26.00117pt too wide) in alignment at lines 5183--5195
 [] [] 
 []

[99] [100]
Overfull \hbox (111.17989pt too wide) in alignment at lines 5392--5394
 [] [] 
 []


Overfull \hbox (111.17989pt too wide) in alignment at lines 5394--5399
 [] [] 
 []


Overfull \hbox (111.17989pt too wide) in alignment at lines 5399--5402
 [] [] 
 []


Overfull \hbox (111.17989pt too wide) in alignment at lines 5402--5405
 [] [] 
 []


Overfull \hbox (111.17989pt too wide) in alignment at lines 5405--5432
 [] [] 
 []

[101] [102]
Underfull \hbox (badness 10000) in paragraph at lines 5639--5639
[]\T1/ptm/m/it/10 papers\T1/ptm/m/n/10 , \T1/ptm/m/it/10 node_id='ayjid'\T1/ptm
/m/n/10 , \T1/ptm/m/it/10 pa-per_attribs=\T1/ptm/m/n/14.4 [ ]\T1/ptm/m/n/10 ,
 []

[103]
Overfull \hbox (344.8979pt too wide) in alignment at lines 5779--5781
 [] [] 
 []


Overfull \hbox (344.8979pt too wide) in alignment at lines 5781--5786
 [] [] 
 []


Overfull \hbox (344.8979pt too wide) in alignment at lines 5786--5789
 [] [] 
 []


Overfull \hbox (344.8979pt too wide) in alignment at lines 5789--5792
 [] [] 
 []


Overfull \hbox (344.8979pt too wide) in alignment at lines 5792--5814
 [] [] 
 []

[104]
Overfull \hbox (76.96158pt too wide) in alignment at lines 5983--5985
 [] [] 
 []


Overfull \hbox (76.96158pt too wide) in alignment at lines 5985--5990
 [] [] 
 []


Overfull \hbox (76.96158pt too wide) in alignment at lines 5990--5993
 [] [] 
 []


Overfull \hbox (76.96158pt too wide) in alignment at lines 5993--5996
 [] [] 
 []


Overfull \hbox (76.96158pt too wide) in alignment at lines 5996--6023
 [] [] 
 []


Underfull \hbox (badness 10000) in paragraph at lines 6028--6028
[]\T1/ptm/m/it/10 papers, thresh-old=1, node_attribs=['date'],
 []

[105] [106] [107]
Underfull \hbox (badness 10000) in paragraph at lines 6325--6325
[]\T1/ptm/m/it/10 papers, node_id='ayjid', node_attribs=['date'],
 []

[108]
Overfull \hbox (72.02112pt too wide) in alignment at lines 6483--6485
 [] [] 
 []


Overfull \hbox (72.02112pt too wide) in alignment at lines 6485--6490
 [] [] 
 []


Overfull \hbox (72.02112pt too wide) in alignment at lines 6490--6493
 [] [] 
 []


Overfull \hbox (72.02112pt too wide) in alignment at lines 6493--6496
 [] [] 
 []


Overfull \hbox (72.02112pt too wide) in alignment at lines 6496--6508
 [] [] 
 []


Underfull \hbox (badness 10000) in paragraph at lines 6513--6513
[]\T1/ptm/m/it/10 papers\T1/ptm/m/n/10 , \T1/ptm/m/it/10 thresh-old\T1/ptm/m/n/
10 , \T1/ptm/m/it/10 con-nected=False\T1/ptm/m/n/10 ,
 []

[109] [110] [111]
Underfull \hbox (badness 10000) in paragraph at lines 7001--7001
[]\T1/ptm/m/it/10 top_doc\T1/ptm/m/n/10 , \T1/ptm/m/it/10 word_top\T1/ptm/m/n/1
0 , \T1/ptm/m/it/10 topic_keys\T1/ptm/m/n/10 , \T1/ptm/m/it/10 Z\T1/ptm/m/n/10 
, \T1/ptm/m/it/10 meta-data=None\T1/ptm/m/n/10 , \T1/ptm/m/it/10 meta-
 []

[112]
Underfull \hbox (badness 10000) in paragraph at lines 7050--7050
[]\T1/ptm/m/it/10 top_doc\T1/ptm/m/n/10 , \T1/ptm/m/it/10 word_top\T1/ptm/m/n/1
0 , \T1/ptm/m/it/10 topic_keys\T1/ptm/m/n/10 , \T1/ptm/m/it/10 Z\T1/ptm/m/n/10 
, \T1/ptm/m/it/10 meta-data=None\T1/ptm/m/n/10 , \T1/ptm/m/it/10 meta-
 []


Underfull \hbox (badness 10000) in paragraph at lines 7132--7135
[]\T1/ptm/m/n/10 See the fol-low-ing hy-per-links re-gard-ing pos-si-ble struc-
tures of XML: *
 []


Overfull \hbox (183.89748pt too wide) in paragraph at lines 7132--7135
[][]\T1/ptm/m/n/10 http://www.ncbi.nlm.nih.gov/pmc/pmcdoc/tagging-guidelines/ci
tations/v2/citationtags.html#2Articlewithmorethan10authors%28listthefirst10anda
ddetal%29[][]
 []

[113] [114] [115] [116]
Overfull \hbox (15.71025pt too wide) in alignment at lines 7552--7554
 [] [] 
 []


Overfull \hbox (15.71025pt too wide) in alignment at lines 7554--7559
 [] [] 
 []


Overfull \hbox (15.71025pt too wide) in alignment at lines 7559--7562
 [] [] 
 []


Overfull \hbox (15.71025pt too wide) in alignment at lines 7562--7565
 [] [] 
 []


Overfull \hbox (15.71025pt too wide) in alignment at lines 7565--7582
 [] [] 
 []

[117] [118] [119] [120

]
Chapter 2.
[121] [122

]
Chapter 3.
[123] [124

] [125


] [126


] [127


]
No file tethne.ind.
Package atveryend Info: Empty hook `BeforeClearDocument' on input line 7902.
Package atveryend Info: Empty hook `AfterLastShipout' on input line 7902.
(./tethne.aux)
Package atveryend Info: Executing hook `AtVeryEndDocument' on input line 7902.
Package atveryend Info: Executing hook `AtEndAfterFileList' on input line 7902.

Package rerunfilecheck Info: File `tethne.out' has not changed.
(rerunfilecheck)             Checksum: E0711F91E50F8CE54FBB4A8D1C5ABA3E;488.
Package atveryend Info: Empty hook `AtVeryVeryEnd' on input line 7902.
 ) 
Here is how much of TeX's memory you used:
 10209 strings out of 493315
 148539 string characters out of 6137904
 249732 words of memory out of 5000000
 12906 multiletter control sequences out of 15000+600000
 64354 words of font info for 74 fonts, out of 8000000 for 9000
 958 hyphenation exceptions out of 8191
 36i,15n,45p,390b,658s stack positions out of 5000i,500n,10000p,200000b,80000s
{/usr/local/texlive/2013/texmf-dist/fonts/enc/dvips/base/8r.enc}</usr/local/t
exlive/2013/texmf-dist/fonts/type1/public/amsfonts/cm/cmex10.pfb></usr/local/te
xlive/2013/texmf-dist/fonts/type1/public/amsfonts/cm/cmmi10.pfb></usr/local/tex
live/2013/texmf-dist/fonts/type1/public/amsfonts/cm/cmmi7.pfb></usr/local/texli
ve/2013/texmf-dist/fonts/type1/public/amsfonts/cm/cmr10.pfb></usr/local/texlive
/2013/texmf-dist/fonts/type1/public/amsfonts/cm/cmsy7.pfb></usr/local/texlive/2
013/texmf-dist/fonts/type1/urw/courier/ucrb8a.pfb></usr/local/texlive/2013/texm
f-dist/fonts/type1/urw/courier/ucrr8a.pfb></usr/local/texlive/2013/texmf-dist/f
onts/type1/urw/courier/ucrro8a.pfb></usr/local/texlive/2013/texmf-dist/fonts/ty
pe1/urw/helvetic/uhvb8a.pfb></usr/local/texlive/2013/texmf-dist/fonts/type1/urw
/helvetic/uhvbo8a.pfb></usr/local/texlive/2013/texmf-dist/fonts/type1/urw/helve
tic/uhvr8a.pfb></usr/local/texlive/2013/texmf-dist/fonts/type1/urw/times/utmb8a
.pfb></usr/local/texlive/2013/texmf-dist/fonts/type1/urw/times/utmr8a.pfb></usr
/local/texlive/2013/texmf-dist/fonts/type1/urw/times/utmri8a.pfb>
Output written on tethne.pdf (131 pages, 12368293 bytes).
PDF statistics:
 1818 PDF objects out of 2073 (max. 8388607)
 1502 compressed objects within 16 object streams
 487 named destinations out of 1000 (max. 500000)
 448 words of extra memory for PDF output out of 10000 (max. 10000000)

